<?xml version="1.0" encoding="UTF-8" ?>
<testsuite tests="4" failures="0" name="com.flat.srm.system.UserTest" time="0.384" errors="1" skipped="0">
  <properties>
[...]
</properties>
  <testcase classname="com.flat.srm.system.UserTest" name="saveUser" time="0.328">
    <error message="
### Error updating database.  Cause: com.mysql.jdbc.exceptions.jdbc4.MySQLIntegrityConstraintViolationException: Duplicate entry &apos;70&apos; for key &apos;cp_user_mail_index&apos;
### The error may involve com.flat.srm.system.dao.user.IUserMapper.save-Inline
### The error occurred while setting parameters
### SQL: insert into     cp_user      ( NAME,                MAIL,                PID )      values     ( &apos;text1&apos;,                &apos;70&apos;,                ? )
### Cause: com.mysql.jdbc.exceptions.jdbc4.MySQLIntegrityConstraintViolationException: Duplicate entry &apos;70&apos; for key &apos;cp_user_mail_index&apos;
; SQL []; Duplicate entry &apos;70&apos; for key &apos;cp_user_mail_index&apos;; nested exception is com.mysql.jdbc.exceptions.jdbc4.MySQLIntegrityConstraintViolationException: Duplicate entry &apos;70&apos; for key &apos;cp_user_mail_index&apos;" type="org.springframework.dao.DuplicateKeyException">org.springframework.dao.DuplicateKeyException: 
### Error updating database.  Cause: com.mysql.jdbc.exceptions.jdbc4.MySQLIntegrityConstraintViolationException: Duplicate entry &apos;70&apos; for key &apos;cp_user_mail_index&apos;
### The error may involve com.flat.srm.system.dao.user.IUserMapper.save-Inline
### The error occurred while setting parameters
### SQL: insert into     cp_user      ( NAME,                MAIL,                PID )      values     ( &apos;text1&apos;,                &apos;70&apos;,                ? )
### Cause: com.mysql.jdbc.exceptions.jdbc4.MySQLIntegrityConstraintViolationException: Duplicate entry &apos;70&apos; for key &apos;cp_user_mail_index&apos;
; SQL []; Duplicate entry &apos;70&apos; for key &apos;cp_user_mail_index&apos;; nested exception is com.mysql.jdbc.exceptions.jdbc4.MySQLIntegrityConstraintViolationException: Duplicate entry &apos;70&apos; for key &apos;cp_user_mail_index&apos;
	at org.springframework.jdbc.support.SQLErrorCodeSQLExceptionTranslator.doTranslate(SQLErrorCodeSQLExceptionTranslator.java:239)
	at org.springframework.jdbc.support.AbstractFallbackSQLExceptionTranslator.translate(AbstractFallbackSQLExceptionTranslator.java:73)
	at org.mybatis.spring.MyBatisExceptionTranslator.translateExceptionIfPossible(MyBatisExceptionTranslator.java:74)
	at org.mybatis.spring.SqlSessionTemplate$SqlSessionInterceptor.invoke(SqlSessionTemplate.java:421)
	at com.sun.proxy.$Proxy18.insert(Unknown Source)
	at org.mybatis.spring.SqlSessionTemplate.insert(SqlSessionTemplate.java:254)
	at org.apache.ibatis.binding.MapperMethod.execute(MapperMethod.java:52)
	at org.apache.ibatis.binding.MapperProxy.invoke(MapperProxy.java:53)
	at com.sun.proxy.$Proxy20.save(Unknown Source)
	at com.flat.srm.system.UserTest.saveUser(UserTest.java:65)
	at sun.reflect.NativeMethodAccessorImpl.invoke0(Native Method)
	at sun.reflect.NativeMethodAccessorImpl.invoke(NativeMethodAccessorImpl.java:62)
	at sun.reflect.DelegatingMethodAccessorImpl.invoke(DelegatingMethodAccessorImpl.java:43)
	at java.lang.reflect.Method.invoke(Method.java:498)
	at org.junit.runners.model.FrameworkMethod$1.runReflectiveCall(FrameworkMethod.java:47)
	at org.junit.internal.runners.model.ReflectiveCallable.run(ReflectiveCallable.java:12)
	at org.junit.runners.model.FrameworkMethod.invokeExplosively(FrameworkMethod.java:44)
	at org.junit.internal.runners.statements.InvokeMethod.evaluate(InvokeMethod.java:17)
	at org.springframework.test.context.junit4.statements.RunBeforeTestMethodCallbacks.evaluate(RunBeforeTestMethodCallbacks.java:74)
	at org.springframework.test.context.junit4.statements.RunAfterTestMethodCallbacks.evaluate(RunAfterTestMethodCallbacks.java:85)
	at org.springframework.test.context.junit4.statements.SpringRepeat.evaluate(SpringRepeat.java:86)
	at org.junit.runners.ParentRunner.runLeaf(ParentRunner.java:271)
	at org.springframework.test.context.junit4.SpringJUnit4ClassRunner.runChild(SpringJUnit4ClassRunner.java:241)
	at org.springframework.test.context.junit4.SpringJUnit4ClassRunner.runChild(SpringJUnit4ClassRunner.java:87)
	at org.junit.runners.ParentRunner$3.run(ParentRunner.java:238)
	at org.junit.runners.ParentRunner$1.schedule(ParentRunner.java:63)
	at org.junit.runners.ParentRunner.runChildren(ParentRunner.java:236)
	at org.junit.runners.ParentRunner.access$000(ParentRunner.java:53)
	at org.junit.runners.ParentRunner$2.evaluate(ParentRunner.java:229)
	at org.springframework.test.context.junit4.statements.RunBeforeTestClassCallbacks.evaluate(RunBeforeTestClassCallbacks.java:61)
	at org.springframework.test.context.junit4.statements.RunAfterTestClassCallbacks.evaluate(RunAfterTestClassCallbacks.java:70)
	at org.junit.runners.ParentRunner.run(ParentRunner.java:309)
	at org.springframework.test.context.junit4.SpringJUnit4ClassRunner.run(SpringJUnit4ClassRunner.java:180)
	at org.apache.maven.surefire.junit4.JUnit4Provider.execute(JUnit4Provider.java:252)
	at org.apache.maven.surefire.junit4.JUnit4Provider.executeTestSet(JUnit4Provider.java:141)
	at org.apache.maven.surefire.junit4.JUnit4Provider.invoke(JUnit4Provider.java:112)
	at sun.reflect.NativeMethodAccessorImpl.invoke0(Native Method)
	at sun.reflect.NativeMethodAccessorImpl.invoke(NativeMethodAccessorImpl.java:62)
	at sun.reflect.DelegatingMethodAccessorImpl.invoke(DelegatingMethodAccessorImpl.java:43)
	at java.lang.reflect.Method.invoke(Method.java:498)
	at org.apache.maven.surefire.util.ReflectionUtils.invokeMethodWithArray(ReflectionUtils.java:189)
	at org.apache.maven.surefire.booter.ProviderFactory$ProviderProxy.invoke(ProviderFactory.java:165)
	at org.apache.maven.surefire.booter.ProviderFactory.invokeProvider(ProviderFactory.java:85)
	at org.apache.maven.surefire.booter.ForkedBooter.runSuitesInProcess(ForkedBooter.java:115)
	at org.apache.maven.surefire.booter.ForkedBooter.main(ForkedBooter.java:75)
Caused by: com.mysql.jdbc.exceptions.jdbc4.MySQLIntegrityConstraintViolationException: Duplicate entry &apos;70&apos; for key &apos;cp_user_mail_index&apos;
	at sun.reflect.NativeConstructorAccessorImpl.newInstance0(Native Method)
	at sun.reflect.NativeConstructorAccessorImpl.newInstance(NativeConstructorAccessorImpl.java:62)
	at sun.reflect.DelegatingConstructorAccessorImpl.newInstance(DelegatingConstructorAccessorImpl.java:45)
	at java.lang.reflect.Constructor.newInstance(Constructor.java:423)
	at com.mysql.jdbc.Util.handleNewInstance(Util.java:406)
	at com.mysql.jdbc.Util.getInstance(Util.java:381)
	at com.mysql.jdbc.SQLError.createSQLException(SQLError.java:1015)
	at com.mysql.jdbc.SQLError.createSQLException(SQLError.java:956)
	at com.mysql.jdbc.MysqlIO.checkErrorPacket(MysqlIO.java:3491)
	at com.mysql.jdbc.MysqlIO.checkErrorPacket(MysqlIO.java:3423)
	at com.mysql.jdbc.MysqlIO.sendCommand(MysqlIO.java:1936)
	at com.mysql.jdbc.MysqlIO.sqlQueryDirect(MysqlIO.java:2060)
	at com.mysql.jdbc.ConnectionImpl.execSQL(ConnectionImpl.java:2542)
	at com.mysql.jdbc.PreparedStatement.executeInternal(PreparedStatement.java:1734)
	at com.mysql.jdbc.PreparedStatement.execute(PreparedStatement.java:995)
	at com.alibaba.druid.filter.FilterChainImpl.preparedStatement_execute(FilterChainImpl.java:2931)
	at com.alibaba.druid.filter.FilterEventAdapter.preparedStatement_execute(FilterEventAdapter.java:440)
	at com.alibaba.druid.filter.FilterChainImpl.preparedStatement_execute(FilterChainImpl.java:2929)
	at com.alibaba.druid.proxy.jdbc.PreparedStatementProxyImpl.execute(PreparedStatementProxyImpl.java:131)
	at com.alibaba.druid.pool.DruidPooledPreparedStatement.execute(DruidPooledPreparedStatement.java:493)
	at sun.reflect.NativeMethodAccessorImpl.invoke0(Native Method)
	at sun.reflect.NativeMethodAccessorImpl.invoke(NativeMethodAccessorImpl.java:62)
	at sun.reflect.DelegatingMethodAccessorImpl.invoke(DelegatingMethodAccessorImpl.java:43)
	at java.lang.reflect.Method.invoke(Method.java:498)
	at org.apache.ibatis.logging.jdbc.PreparedStatementLogger.invoke(PreparedStatementLogger.java:59)
	at com.sun.proxy.$Proxy32.execute(Unknown Source)
	at org.apache.ibatis.executor.statement.PreparedStatementHandler.update(PreparedStatementHandler.java:45)
	at org.apache.ibatis.executor.statement.RoutingStatementHandler.update(RoutingStatementHandler.java:73)
	at org.apache.ibatis.executor.SimpleExecutor.doUpdate(SimpleExecutor.java:49)
	at org.apache.ibatis.executor.BaseExecutor.update(BaseExecutor.java:115)
	at org.apache.ibatis.executor.CachingExecutor.update(CachingExecutor.java:75)
	at sun.reflect.NativeMethodAccessorImpl.invoke0(Native Method)
	at sun.reflect.NativeMethodAccessorImpl.invoke(NativeMethodAccessorImpl.java:62)
	at sun.reflect.DelegatingMethodAccessorImpl.invoke(DelegatingMethodAccessorImpl.java:43)
	at java.lang.reflect.Method.invoke(Method.java:498)
	at org.apache.ibatis.plugin.Invocation.proceed(Invocation.java:49)
	at com.flat.srm.common.core.ExamplePlugin.intercept(ExamplePlugin.java:66)
	at org.apache.ibatis.plugin.Plugin.invoke(Plugin.java:61)
	at com.sun.proxy.$Proxy30.update(Unknown Source)
	at org.apache.ibatis.session.defaults.DefaultSqlSession.update(DefaultSqlSession.java:170)
	at org.apache.ibatis.session.defaults.DefaultSqlSession.insert(DefaultSqlSession.java:157)
	at sun.reflect.NativeMethodAccessorImpl.invoke0(Native Method)
	at sun.reflect.NativeMethodAccessorImpl.invoke(NativeMethodAccessorImpl.java:62)
	at sun.reflect.DelegatingMethodAccessorImpl.invoke(DelegatingMethodAccessorImpl.java:43)
	at java.lang.reflect.Method.invoke(Method.java:498)
	at org.mybatis.spring.SqlSessionTemplate$SqlSessionInterceptor.invoke(SqlSessionTemplate.java:408)
	... 41 more
</error>
    <system-err>log4j:ERROR Could not find value for key log4j.appender.INFO
log4j:ERROR Could not instantiate appender named &quot;INFO&quot;.
[DEBUG] 2017-08-30 14:07:40,980(0) --&gt; [main] org.springframework.test.context.junit4.SpringJUnit4ClassRunner.&lt;init&gt;(SpringJUnit4ClassRunner.java:129): SpringJUnit4ClassRunner constructor called with [class com.flat.srm.system.UserTest]  
[DEBUG] 2017-08-30 14:07:40,992(12) --&gt; [main] org.springframework.test.context.BootstrapUtils.createCacheAwareContextLoaderDelegate(BootstrapUtils.java:96): Instantiating CacheAwareContextLoaderDelegate from class [org.springframework.test.context.cache.DefaultCacheAwareContextLoaderDelegate]  
[DEBUG] 2017-08-30 14:07:40,996(16) --&gt; [main] org.springframework.test.context.BootstrapUtils.createBootstrapContext(BootstrapUtils.java:79): Instantiating BootstrapContext using constructor [public org.springframework.test.context.support.DefaultBootstrapContext(java.lang.Class,org.springframework.test.context.CacheAwareContextLoaderDelegate)]  
[DEBUG] 2017-08-30 14:07:41,024(44) --&gt; [main] org.springframework.test.context.BootstrapUtils.resolveTestContextBootstrapper(BootstrapUtils.java:146): Instantiating TestContextBootstrapper for test class [com.flat.srm.system.UserTest] from class [org.springframework.test.context.support.DefaultTestContextBootstrapper]  
[DEBUG] 2017-08-30 14:07:41,074(94) --&gt; [main] org.springframework.test.context.support.AbstractDelegatingSmartContextLoader.delegateProcessing(AbstractDelegatingSmartContextLoader.java:97): Delegating to GenericXmlContextLoader to process context configuration [ContextConfigurationAttributes@6cc4c815 declaringClass = &apos;com.flat.srm.system.UserTest&apos;, classes = &apos;{}&apos;, locations = &apos;{classpath:spring/applicationContext.xml, classpath:spring/applicationContext-shiro.xml}&apos;, inheritLocations = true, initializers = &apos;{}&apos;, inheritInitializers = true, name = [null], contextLoaderClass = &apos;org.springframework.test.context.ContextLoader&apos;].  
[DEBUG] 2017-08-30 14:07:41,079(99) --&gt; [main] org.springframework.test.context.support.ActiveProfilesUtils.resolveActiveProfiles(ActiveProfilesUtils.java:84): Could not find an &apos;annotation declaring class&apos; for annotation type [org.springframework.test.context.ActiveProfiles] and class [com.flat.srm.system.UserTest]  
[DEBUG] 2017-08-30 14:07:41,086(106) --&gt; [main] org.springframework.test.context.support.AbstractTestContextBootstrapper.getTestExecutionListeners(AbstractTestContextBootstrapper.java:130): @TestExecutionListeners is not present for class [com.flat.srm.system.UserTest]: using defaults.  
[INFO ] 2017-08-30 14:07:41,095(115) --&gt; [main] org.springframework.test.context.support.AbstractTestContextBootstrapper.getDefaultTestExecutionListenerClassNames(AbstractTestContextBootstrapper.java:259): Loaded default TestExecutionListener class names from location [META-INF/spring.factories]: [org.springframework.test.context.web.ServletTestExecutionListener, org.springframework.test.context.support.DirtiesContextBeforeModesTestExecutionListener, org.springframework.test.context.support.DependencyInjectionTestExecutionListener, org.springframework.test.context.support.DirtiesContextTestExecutionListener, org.springframework.test.context.transaction.TransactionalTestExecutionListener, org.springframework.test.context.jdbc.SqlScriptsTestExecutionListener]  
[INFO ] 2017-08-30 14:07:41,132(152) --&gt; [main] org.springframework.test.context.support.AbstractTestContextBootstrapper.getTestExecutionListeners(AbstractTestContextBootstrapper.java:185): Using TestExecutionListeners: [org.springframework.test.context.web.ServletTestExecutionListener@6e06451e, org.springframework.test.context.support.DirtiesContextBeforeModesTestExecutionListener@59494225, org.springframework.test.context.support.DependencyInjectionTestExecutionListener@6e1567f1, org.springframework.test.context.support.DirtiesContextTestExecutionListener@5cb9f472, org.springframework.test.context.transaction.TransactionalTestExecutionListener@cb644e, org.springframework.test.context.jdbc.SqlScriptsTestExecutionListener@13805618]  
[DEBUG] 2017-08-30 14:07:41,135(155) --&gt; [main] org.springframework.test.annotation.ProfileValueUtils.retrieveProfileValueSource(ProfileValueUtils.java:71): Retrieved @ProfileValueSourceConfiguration [null] for test class [com.flat.srm.system.UserTest]  
[DEBUG] 2017-08-30 14:07:41,136(156) --&gt; [main] org.springframework.test.annotation.ProfileValueUtils.retrieveProfileValueSource(ProfileValueUtils.java:83): Retrieved ProfileValueSource type [class org.springframework.test.annotation.SystemProfileValueSource] for class [com.flat.srm.system.UserTest]  
[DEBUG] 2017-08-30 14:07:41,145(165) --&gt; [main] org.springframework.test.annotation.ProfileValueUtils.retrieveProfileValueSource(ProfileValueUtils.java:71): Retrieved @ProfileValueSourceConfiguration [null] for test class [com.flat.srm.system.UserTest]  
[DEBUG] 2017-08-30 14:07:41,146(166) --&gt; [main] org.springframework.test.annotation.ProfileValueUtils.retrieveProfileValueSource(ProfileValueUtils.java:83): Retrieved ProfileValueSource type [class org.springframework.test.annotation.SystemProfileValueSource] for class [com.flat.srm.system.UserTest]  
[DEBUG] 2017-08-30 14:07:41,149(169) --&gt; [main] org.springframework.test.context.support.AbstractDirtiesContextTestExecutionListener.beforeOrAfterTestClass(AbstractDirtiesContextTestExecutionListener.java:141): Before test class: context [DefaultTestContext@148080bb testClass = UserTest, testInstance = [null], testMethod = [null], testException = [null], mergedContextConfiguration = [MergedContextConfiguration@dc24521 testClass = UserTest, locations = &apos;{classpath:spring/applicationContext.xml, classpath:spring/applicationContext-shiro.xml}&apos;, classes = &apos;{}&apos;, contextInitializerClasses = &apos;[]&apos;, activeProfiles = &apos;{}&apos;, propertySourceLocations = &apos;{}&apos;, propertySourceProperties = &apos;{}&apos;, contextLoader = &apos;org.springframework.test.context.support.DelegatingSmartContextLoader&apos;, parent = [null]]], class annotated with @DirtiesContext [false] with mode [null].  
[DEBUG] 2017-08-30 14:07:41,151(171) --&gt; [main] org.springframework.test.annotation.ProfileValueUtils.retrieveProfileValueSource(ProfileValueUtils.java:71): Retrieved @ProfileValueSourceConfiguration [null] for test class [com.flat.srm.system.UserTest]  
[DEBUG] 2017-08-30 14:07:41,151(171) --&gt; [main] org.springframework.test.annotation.ProfileValueUtils.retrieveProfileValueSource(ProfileValueUtils.java:83): Retrieved ProfileValueSource type [class org.springframework.test.annotation.SystemProfileValueSource] for class [com.flat.srm.system.UserTest]  
[DEBUG] 2017-08-30 14:07:41,157(177) --&gt; [main] org.springframework.test.context.support.DependencyInjectionTestExecutionListener.prepareTestInstance(DependencyInjectionTestExecutionListener.java:81): Performing dependency injection for test context [[DefaultTestContext@148080bb testClass = UserTest, testInstance = com.flat.srm.system.UserTest@66480dd7, testMethod = [null], testException = [null], mergedContextConfiguration = [MergedContextConfiguration@dc24521 testClass = UserTest, locations = &apos;{classpath:spring/applicationContext.xml, classpath:spring/applicationContext-shiro.xml}&apos;, classes = &apos;{}&apos;, contextInitializerClasses = &apos;[]&apos;, activeProfiles = &apos;{}&apos;, propertySourceLocations = &apos;{}&apos;, propertySourceProperties = &apos;{}&apos;, contextLoader = &apos;org.springframework.test.context.support.DelegatingSmartContextLoader&apos;, parent = [null]]]].  
[DEBUG] 2017-08-30 14:07:41,158(178) --&gt; [main] org.springframework.test.context.support.AbstractDelegatingSmartContextLoader.delegateLoading(AbstractDelegatingSmartContextLoader.java:107): Delegating to GenericXmlContextLoader to load context from [MergedContextConfiguration@dc24521 testClass = UserTest, locations = &apos;{classpath:spring/applicationContext.xml, classpath:spring/applicationContext-shiro.xml}&apos;, classes = &apos;{}&apos;, contextInitializerClasses = &apos;[]&apos;, activeProfiles = &apos;{}&apos;, propertySourceLocations = &apos;{}&apos;, propertySourceProperties = &apos;{}&apos;, contextLoader = &apos;org.springframework.test.context.support.DelegatingSmartContextLoader&apos;, parent = [null]].  
[DEBUG] 2017-08-30 14:07:41,159(179) --&gt; [main] org.springframework.test.context.support.AbstractGenericContextLoader.loadContext(AbstractGenericContextLoader.java:107): Loading ApplicationContext for merged context configuration [[MergedContextConfiguration@dc24521 testClass = UserTest, locations = &apos;{classpath:spring/applicationContext.xml, classpath:spring/applicationContext-shiro.xml}&apos;, classes = &apos;{}&apos;, contextInitializerClasses = &apos;[]&apos;, activeProfiles = &apos;{}&apos;, propertySourceLocations = &apos;{}&apos;, propertySourceProperties = &apos;{}&apos;, contextLoader = &apos;org.springframework.test.context.support.DelegatingSmartContextLoader&apos;, parent = [null]]].  
[DEBUG] 2017-08-30 14:07:41,280(300) --&gt; [main] org.springframework.core.env.MutablePropertySources.addLast(MutablePropertySources.java:109): Adding [systemProperties] PropertySource with lowest search precedence  
[DEBUG] 2017-08-30 14:07:41,282(302) --&gt; [main] org.springframework.core.env.MutablePropertySources.addLast(MutablePropertySources.java:109): Adding [systemEnvironment] PropertySource with lowest search precedence  
[DEBUG] 2017-08-30 14:07:41,283(303) --&gt; [main] org.springframework.core.env.AbstractEnvironment.&lt;init&gt;(AbstractEnvironment.java:126): Initialized StandardEnvironment with PropertySources [systemProperties,systemEnvironment]  
[INFO ] 2017-08-30 14:07:41,295(315) --&gt; [main] org.springframework.beans.factory.xml.XmlBeanDefinitionReader.loadBeanDefinitions(XmlBeanDefinitionReader.java:317): Loading XML bean definitions from class path resource [spring/applicationContext.xml]  
[DEBUG] 2017-08-30 14:07:41,319(339) --&gt; [main] org.springframework.beans.factory.xml.DefaultDocumentLoader.loadDocument(DefaultDocumentLoader.java:73): Using JAXP provider [com.sun.org.apache.xerces.internal.jaxp.DocumentBuilderFactoryImpl]  
[DEBUG] 2017-08-30 14:07:41,362(382) --&gt; [main] org.springframework.beans.factory.xml.PluggableSchemaResolver.getSchemaMappings(PluggableSchemaResolver.java:141): Loading schema mappings from [META-INF/spring.schemas]  
[DEBUG] 2017-08-30 14:07:41,365(385) --&gt; [main] org.springframework.beans.factory.xml.PluggableSchemaResolver.getSchemaMappings(PluggableSchemaResolver.java:147): Loaded schema mappings: {http://www.springframework.org/schema/tx/spring-tx-2.5.xsd=org/springframework/transaction/config/spring-tx-2.5.xsd, http://www.springframework.org/schema/cache/spring-cache-4.2.xsd=org/springframework/cache/config/spring-cache-4.2.xsd, http://www.springframework.org/schema/aop/spring-aop-4.1.xsd=org/springframework/aop/config/spring-aop-4.1.xsd, http://www.springframework.org/schema/context/spring-context-3.1.xsd=org/springframework/context/config/spring-context-3.1.xsd, http://www.springframework.org/schema/jdbc/spring-jdbc-4.1.xsd=org/springframework/jdbc/config/spring-jdbc-4.1.xsd, http://www.springframework.org/schema/mvc/spring-mvc-4.1.xsd=org/springframework/web/servlet/config/spring-mvc-4.1.xsd, http://www.springframework.org/schema/util/spring-util-3.0.xsd=org/springframework/beans/factory/xml/spring-util-3.0.xsd, http://mybatis.org/schema/mybatis-spring-1.2.xsd=org/mybatis/spring/config/mybatis-spring-1.2.xsd, http://www.springframework.org/schema/tool/spring-tool.xsd=org/springframework/beans/factory/xml/spring-tool-4.2.xsd, http://www.springframework.org/schema/aop/spring-aop-3.2.xsd=org/springframework/aop/config/spring-aop-3.2.xsd, http://www.springframework.org/schema/lang/spring-lang-4.1.xsd=org/springframework/scripting/config/spring-lang-4.1.xsd, http://www.springframework.org/schema/context/spring-context-4.0.xsd=org/springframework/context/config/spring-context-4.0.xsd, http://www.springframework.org/schema/mvc/spring-mvc-3.2.xsd=org/springframework/web/servlet/config/spring-mvc-3.2.xsd, http://www.springframework.org/schema/beans/spring-beans-4.2.xsd=org/springframework/beans/factory/xml/spring-beans-4.2.xsd, http://www.springframework.org/schema/tool/spring-tool-4.1.xsd=org/springframework/beans/factory/xml/spring-tool-4.1.xsd, http://www.springframework.org/schema/lang/spring-lang-3.2.xsd=org/springframework/scripting/config/spring-lang-3.2.xsd, http://www.springframework.org/schema/cache/spring-cache-3.2.xsd=org/springframework/cache/config/spring-cache-3.2.xsd, http://www.springframework.org/schema/jee/spring-jee-4.1.xsd=org/springframework/ejb/config/spring-jee-4.1.xsd, http://www.springframework.org/schema/jdbc/spring-jdbc-3.1.xsd=org/springframework/jdbc/config/spring-jdbc-3.1.xsd, http://www.springframework.org/schema/util/spring-util-2.0.xsd=org/springframework/beans/factory/xml/spring-util-2.0.xsd, http://www.springframework.org/schema/task/spring-task-4.2.xsd=org/springframework/scheduling/config/spring-task-4.2.xsd, http://www.springframework.org/schema/tool/spring-tool-3.2.xsd=org/springframework/beans/factory/xml/spring-tool-3.2.xsd, http://www.springframework.org/schema/context/spring-context.xsd=org/springframework/context/config/spring-context-4.2.xsd, http://www.springframework.org/schema/tx/spring-tx-4.2.xsd=org/springframework/transaction/config/spring-tx-4.2.xsd, http://www.springframework.org/schema/cache/spring-cache-4.1.xsd=org/springframework/cache/config/spring-cache-4.1.xsd, http://www.springframework.org/schema/aop/spring-aop-4.0.xsd=org/springframework/aop/config/spring-aop-4.0.xsd, http://www.springframework.org/schema/jee/spring-jee-3.2.xsd=org/springframework/ejb/config/spring-jee-3.2.xsd, http://www.springframework.org/schema/context/spring-context-3.0.xsd=org/springframework/context/config/spring-context-3.0.xsd, http://www.springframework.org/schema/jdbc/spring-jdbc-4.0.xsd=org/springframework/jdbc/config/spring-jdbc-4.0.xsd, http://www.springframework.org/schema/mvc/spring-mvc-4.0.xsd=org/springframework/web/servlet/config/spring-mvc-4.0.xsd, http://www.springframework.org/schema/util/spring-util-2.5.xsd=org/springframework/beans/factory/xml/spring-util-2.5.xsd, http://www.springframework.org/schema/beans/spring-beans-3.2.xsd=org/springframework/beans/factory/xml/spring-beans-3.2.xsd, http://www.springframework.org/schema/aop/spring-aop-3.1.xsd=org/springframework/aop/config/spring-aop-3.1.xsd, http://www.springframework.org/schema/lang/spring-lang-4.0.xsd=org/springframework/scripting/config/spring-lang-4.0.xsd, http://www.springframework.org/schema/mvc/spring-mvc.xsd=org/springframework/web/servlet/config/spring-mvc-4.2.xsd, http://www.springframework.org/schema/mvc/spring-mvc-3.1.xsd=org/springframework/web/servlet/config/spring-mvc-3.1.xsd, http://www.springframework.org/schema/beans/spring-beans-4.1.xsd=org/springframework/beans/factory/xml/spring-beans-4.1.xsd, http://www.springframework.org/schema/tool/spring-tool-4.0.xsd=org/springframework/beans/factory/xml/spring-tool-4.0.xsd, http://www.springframework.org/schema/tx/spring-tx-3.2.xsd=org/springframework/transaction/config/spring-tx-3.2.xsd, http://www.springframework.org/schema/lang/spring-lang-3.1.xsd=org/springframework/scripting/config/spring-lang-3.1.xsd, http://www.springframework.org/schema/cache/spring-cache-3.1.xsd=org/springframework/cache/config/spring-cache-3.1.xsd, http://www.springframework.org/schema/jee/spring-jee-4.0.xsd=org/springframework/ejb/config/spring-jee-4.0.xsd, http://www.springframework.org/schema/jdbc/spring-jdbc-3.0.xsd=org/springframework/jdbc/config/spring-jdbc-3.0.xsd, http://www.springframework.org/schema/task/spring-task-4.1.xsd=org/springframework/scheduling/config/spring-task-4.1.xsd, http://www.springframework.org/schema/jdbc/spring-jdbc.xsd=org/springframework/jdbc/config/spring-jdbc-4.2.xsd, http://www.springframework.org/schema/tool/spring-tool-3.1.xsd=org/springframework/beans/factory/xml/spring-tool-3.1.xsd, http://www.springframework.org/schema/tx/spring-tx-4.1.xsd=org/springframework/transaction/config/spring-tx-4.1.xsd, http://www.springframework.org/schema/cache/spring-cache-4.0.xsd=org/springframework/cache/config/spring-cache-4.0.xsd, http://www.springframework.org/schema/jee/spring-jee-3.1.xsd=org/springframework/ejb/config/spring-jee-3.1.xsd, http://www.springframework.org/schema/util/spring-util-4.2.xsd=org/springframework/beans/factory/xml/spring-util-4.2.xsd, http://www.springframework.org/schema/task/spring-task-3.2.xsd=org/springframework/scheduling/config/spring-task-3.2.xsd, http://www.springframework.org/schema/beans/spring-beans-3.1.xsd=org/springframework/beans/factory/xml/spring-beans-3.1.xsd, http://www.springframework.org/schema/util/spring-util.xsd=org/springframework/beans/factory/xml/spring-util-4.2.xsd, http://www.springframework.org/schema/aop/spring-aop-3.0.xsd=org/springframework/aop/config/spring-aop-3.0.xsd, http://www.springframework.org/schema/mvc/spring-mvc-3.0.xsd=org/springframework/web/servlet/config/spring-mvc-3.0.xsd, http://www.springframework.org/schema/beans/spring-beans-4.0.xsd=org/springframework/beans/factory/xml/spring-beans-4.0.xsd, http://www.springframework.org/schema/beans/spring-beans.xsd=org/springframework/beans/factory/xml/spring-beans-4.2.xsd, http://mybatis.org/schema/mybatis-spring.xsd=org/mybatis/spring/config/mybatis-spring-1.2.xsd, http://www.springframework.org/schema/tx/spring-tx-3.1.xsd=org/springframework/transaction/config/spring-tx-3.1.xsd, http://www.springframework.org/schema/lang/spring-lang-3.0.xsd=org/springframework/scripting/config/spring-lang-3.0.xsd, http://www.springframework.org/schema/context/spring-context-2.5.xsd=org/springframework/context/config/spring-context-2.5.xsd, http://www.springframework.org/schema/task/spring-task-4.0.xsd=org/springframework/scheduling/config/spring-task-4.0.xsd, http://www.springframework.org/schema/tool/spring-tool-3.0.xsd=org/springframework/beans/factory/xml/spring-tool-3.0.xsd, http://www.springframework.org/schema/tx/spring-tx-4.0.xsd=org/springframework/transaction/config/spring-tx-4.0.xsd, http://www.springframework.org/schema/aop/spring-aop-2.0.xsd=org/springframework/aop/config/spring-aop-2.0.xsd, http://www.springframework.org/schema/jee/spring-jee-3.0.xsd=org/springframework/ejb/config/spring-jee-3.0.xsd, http://www.springframework.org/schema/util/spring-util-4.1.xsd=org/springframework/beans/factory/xml/spring-util-4.1.xsd, http://www.springframework.org/schema/task/spring-task-3.1.xsd=org/springframework/scheduling/config/spring-task-3.1.xsd, http://www.springframework.org/schema/beans/spring-beans-3.0.xsd=org/springframework/beans/factory/xml/spring-beans-3.0.xsd, http://www.springframework.org/schema/jee/spring-jee.xsd=org/springframework/ejb/config/spring-jee-4.2.xsd, http://www.springframework.org/schema/aop/spring-aop-2.5.xsd=org/springframework/aop/config/spring-aop-2.5.xsd, http://www.springframework.org/schema/lang/spring-lang-2.0.xsd=org/springframework/scripting/config/spring-lang-2.0.xsd, http://www.springframework.org/schema/util/spring-util-3.2.xsd=org/springframework/beans/factory/xml/spring-util-3.2.xsd, http://www.springframework.org/schema/task/spring-task.xsd=org/springframework/scheduling/config/spring-task-4.2.xsd, http://www.springframework.org/schema/tool/spring-tool-2.0.xsd=org/springframework/beans/factory/xml/spring-tool-2.0.xsd, http://www.springframework.org/schema/tx/spring-tx-3.0.xsd=org/springframework/transaction/config/spring-tx-3.0.xsd, http://www.springframework.org/schema/lang/spring-lang-2.5.xsd=org/springframework/scripting/config/spring-lang-2.5.xsd, http://www.springframework.org/schema/context/spring-context-4.2.xsd=org/springframework/context/config/spring-context-4.2.xsd, http://www.springframework.org/schema/jee/spring-jee-2.0.xsd=org/springframework/ejb/config/spring-jee-2.0.xsd, http://www.springframework.org/schema/tool/spring-tool-2.5.xsd=org/springframework/beans/factory/xml/spring-tool-2.5.xsd, http://www.springframework.org/schema/jee/spring-jee-2.5.xsd=org/springframework/ejb/config/spring-jee-2.5.xsd, http://www.springframework.org/schema/util/spring-util-4.0.xsd=org/springframework/beans/factory/xml/spring-util-4.0.xsd, http://www.springframework.org/schema/task/spring-task-3.0.xsd=org/springframework/scheduling/config/spring-task-3.0.xsd, http://www.springframework.org/schema/aop/spring-aop-4.2.xsd=org/springframework/aop/config/spring-aop-4.2.xsd, http://www.springframework.org/schema/lang/spring-lang.xsd=org/springframework/scripting/config/spring-lang-4.2.xsd, http://www.springframework.org/schema/context/spring-context-3.2.xsd=org/springframework/context/config/spring-context-3.2.xsd, http://www.springframework.org/schema/jdbc/spring-jdbc-4.2.xsd=org/springframework/jdbc/config/spring-jdbc-4.2.xsd, http://www.springframework.org/schema/mvc/spring-mvc-4.2.xsd=org/springframework/web/servlet/config/spring-mvc-4.2.xsd, http://www.springframework.org/schema/util/spring-util-3.1.xsd=org/springframework/beans/factory/xml/spring-util-3.1.xsd, http://www.springframework.org/schema/beans/spring-beans-2.0.xsd=org/springframework/beans/factory/xml/spring-beans-2.0.xsd, http://www.springframework.org/schema/cache/spring-cache.xsd=org/springframework/cache/config/spring-cache-4.2.xsd, http://www.springframework.org/schema/tx/spring-tx.xsd=org/springframework/transaction/config/spring-tx-4.2.xsd, http://www.springframework.org/schema/lang/spring-lang-4.2.xsd=org/springframework/scripting/config/spring-lang-4.2.xsd, http://www.springframework.org/schema/context/spring-context-4.1.xsd=org/springframework/context/config/spring-context-4.1.xsd, http://www.springframework.org/schema/beans/spring-beans-2.5.xsd=org/springframework/beans/factory/xml/spring-beans-2.5.xsd, http://www.springframework.org/schema/tool/spring-tool-4.2.xsd=org/springframework/beans/factory/xml/spring-tool-4.2.xsd, http://www.springframework.org/schema/tx/spring-tx-2.0.xsd=org/springframework/transaction/config/spring-tx-2.0.xsd, http://www.alibaba.com/schema/stat.xsd=META-INF/stat.xsd, http://www.springframework.org/schema/jee/spring-jee-4.2.xsd=org/springframework/ejb/config/spring-jee-4.2.xsd, http://www.springframework.org/schema/jdbc/spring-jdbc-3.2.xsd=org/springframework/jdbc/config/spring-jdbc-3.2.xsd, http://www.springframework.org/schema/aop/spring-aop.xsd=org/springframework/aop/config/spring-aop-4.2.xsd}  
[DEBUG] 2017-08-30 14:07:41,370(390) --&gt; [main] org.springframework.beans.factory.xml.PluggableSchemaResolver.resolveEntity(PluggableSchemaResolver.java:119): Found XML schema [http://www.springframework.org/schema/beans/spring-beans-4.2.xsd] in classpath: org/springframework/beans/factory/xml/spring-beans-4.2.xsd  
[DEBUG] 2017-08-30 14:07:41,424(444) --&gt; [main] org.springframework.beans.factory.xml.PluggableSchemaResolver.resolveEntity(PluggableSchemaResolver.java:119): Found XML schema [http://www.springframework.org/schema/context/spring-context-4.2.xsd] in classpath: org/springframework/context/config/spring-context-4.2.xsd  
[DEBUG] 2017-08-30 14:07:41,442(462) --&gt; [main] org.springframework.beans.factory.xml.PluggableSchemaResolver.resolveEntity(PluggableSchemaResolver.java:119): Found XML schema [http://www.springframework.org/schema/tool/spring-tool-4.1.xsd] in classpath: org/springframework/beans/factory/xml/spring-tool-4.1.xsd  
[DEBUG] 2017-08-30 14:07:41,458(478) --&gt; [main] org.springframework.beans.factory.xml.PluggableSchemaResolver.resolveEntity(PluggableSchemaResolver.java:119): Found XML schema [http://www.springframework.org/schema/tx/spring-tx-4.2.xsd] in classpath: org/springframework/transaction/config/spring-tx-4.2.xsd  
[DEBUG] 2017-08-30 14:07:41,464(484) --&gt; [main] org.springframework.beans.factory.xml.PluggableSchemaResolver.resolveEntity(PluggableSchemaResolver.java:119): Found XML schema [http://www.springframework.org/schema/aop/spring-aop-4.2.xsd] in classpath: org/springframework/aop/config/spring-aop-4.2.xsd  
[DEBUG] 2017-08-30 14:07:41,477(497) --&gt; [main] org.springframework.beans.factory.xml.DefaultBeanDefinitionDocumentReader.registerBeanDefinitions(DefaultBeanDefinitionDocumentReader.java:92): Loading bean definitions  
[DEBUG] 2017-08-30 14:07:41,509(529) --&gt; [main] org.springframework.beans.factory.xml.DefaultNamespaceHandlerResolver.getHandlerMappings(DefaultNamespaceHandlerResolver.java:157): Loaded NamespaceHandler mappings: {http://www.springframework.org/schema/p=org.springframework.beans.factory.xml.SimplePropertyNamespaceHandler, http://www.springframework.org/schema/mvc=org.springframework.web.servlet.config.MvcNamespaceHandler, http://www.springframework.org/schema/util=org.springframework.beans.factory.xml.UtilNamespaceHandler, http://www.alibaba.com/schema/stat=com.alibaba.druid.support.spring.stat.config.DruidStatNamespaceHandler, http://www.springframework.org/schema/jee=org.springframework.ejb.config.JeeNamespaceHandler, http://www.springframework.org/schema/aop=org.springframework.aop.config.AopNamespaceHandler, http://www.springframework.org/schema/jdbc=org.springframework.jdbc.config.JdbcNamespaceHandler, http://www.springframework.org/schema/cache=org.springframework.cache.config.CacheNamespaceHandler, http://mybatis.org/schema/mybatis-spring=org.mybatis.spring.config.NamespaceHandler, http://www.springframework.org/schema/c=org.springframework.beans.factory.xml.SimpleConstructorNamespaceHandler, http://www.springframework.org/schema/tx=org.springframework.transaction.config.TxNamespaceHandler, http://www.springframework.org/schema/task=org.springframework.scheduling.config.TaskNamespaceHandler, http://www.springframework.org/schema/lang=org.springframework.scripting.config.LangNamespaceHandler, http://www.springframework.org/schema/context=org.springframework.context.config.ContextNamespaceHandler}  
[DEBUG] 2017-08-30 14:07:41,582(602) --&gt; [main] org.springframework.context.annotation.ClassPathScanningCandidateComponentProvider.registerDefaultFilters(ClassPathScanningCandidateComponentProvider.java:252): JSR-330 &apos;javax.inject.Named&apos; annotation found and supported for component scanning  
[DEBUG] 2017-08-30 14:07:41,598(618) --&gt; [main] org.springframework.core.io.support.PathMatchingResourcePatternResolver.doFindMatchingFileSystemResources(PathMatchingResourcePatternResolver.java:631): Looking for matching resources in directory tree [D:\learning\development\gitPro\FLATSRM\target\test-classes\com\flat\srm]  
[DEBUG] 2017-08-30 14:07:41,599(619) --&gt; [main] org.springframework.core.io.support.PathMatchingResourcePatternResolver.doRetrieveMatchingFiles(PathMatchingResourcePatternResolver.java:693): Searching directory [D:\learning\development\gitPro\FLATSRM\target\test-classes\com\flat\srm] for files matching pattern [D:/learning/development/gitPro/FLATSRM/target/test-classes/com/flat/srm/**/*.class]  
[DEBUG] 2017-08-30 14:07:41,616(636) --&gt; [main] org.springframework.core.io.support.PathMatchingResourcePatternResolver.doRetrieveMatchingFiles(PathMatchingResourcePatternResolver.java:693): Searching directory [D:\learning\development\gitPro\FLATSRM\target\test-classes\com\flat\srm\dictionary] for files matching pattern [D:/learning/development/gitPro/FLATSRM/target/test-classes/com/flat/srm/**/*.class]  
[DEBUG] 2017-08-30 14:07:41,617(637) --&gt; [main] org.springframework.core.io.support.PathMatchingResourcePatternResolver.doRetrieveMatchingFiles(PathMatchingResourcePatternResolver.java:693): Searching directory [D:\learning\development\gitPro\FLATSRM\target\test-classes\com\flat\srm\system] for files matching pattern [D:/learning/development/gitPro/FLATSRM/target/test-classes/com/flat/srm/**/*.class]  
[DEBUG] 2017-08-30 14:07:41,619(639) --&gt; [main] org.springframework.core.io.support.PathMatchingResourcePatternResolver.doFindMatchingFileSystemResources(PathMatchingResourcePatternResolver.java:631): Looking for matching resources in directory tree [D:\learning\development\gitPro\FLATSRM\target\classes\com\flat\srm]  
[DEBUG] 2017-08-30 14:07:41,620(640) --&gt; [main] org.springframework.core.io.support.PathMatchingResourcePatternResolver.doRetrieveMatchingFiles(PathMatchingResourcePatternResolver.java:693): Searching directory [D:\learning\development\gitPro\FLATSRM\target\classes\com\flat\srm] for files matching pattern [D:/learning/development/gitPro/FLATSRM/target/classes/com/flat/srm/**/*.class]  
[DEBUG] 2017-08-30 14:07:41,621(641) --&gt; [main] org.springframework.core.io.support.PathMatchingResourcePatternResolver.doRetrieveMatchingFiles(PathMatchingResourcePatternResolver.java:693): Searching directory [D:\learning\development\gitPro\FLATSRM\target\classes\com\flat\srm\common] for files matching pattern [D:/learning/development/gitPro/FLATSRM/target/classes/com/flat/srm/**/*.class]  
[DEBUG] 2017-08-30 14:07:41,622(642) --&gt; [main] org.springframework.core.io.support.PathMatchingResourcePatternResolver.doRetrieveMatchingFiles(PathMatchingResourcePatternResolver.java:693): Searching directory [D:\learning\development\gitPro\FLATSRM\target\classes\com\flat\srm\common\core] for files matching pattern [D:/learning/development/gitPro/FLATSRM/target/classes/com/flat/srm/**/*.class]  
[DEBUG] 2017-08-30 14:07:41,623(643) --&gt; [main] org.springframework.core.io.support.PathMatchingResourcePatternResolver.doRetrieveMatchingFiles(PathMatchingResourcePatternResolver.java:693): Searching directory [D:\learning\development\gitPro\FLATSRM\target\classes\com\flat\srm\common\core\aop] for files matching pattern [D:/learning/development/gitPro/FLATSRM/target/classes/com/flat/srm/**/*.class]  
[DEBUG] 2017-08-30 14:07:41,625(645) --&gt; [main] org.springframework.core.io.support.PathMatchingResourcePatternResolver.doRetrieveMatchingFiles(PathMatchingResourcePatternResolver.java:693): Searching directory [D:\learning\development\gitPro\FLATSRM\target\classes\com\flat\srm\common\core\des] for files matching pattern [D:/learning/development/gitPro/FLATSRM/target/classes/com/flat/srm/**/*.class]  
[DEBUG] 2017-08-30 14:07:41,627(647) --&gt; [main] org.springframework.core.io.support.PathMatchingResourcePatternResolver.doRetrieveMatchingFiles(PathMatchingResourcePatternResolver.java:693): Searching directory [D:\learning\development\gitPro\FLATSRM\target\classes\com\flat\srm\common\datasource] for files matching pattern [D:/learning/development/gitPro/FLATSRM/target/classes/com/flat/srm/**/*.class]  
[DEBUG] 2017-08-30 14:07:41,628(648) --&gt; [main] org.springframework.core.io.support.PathMatchingResourcePatternResolver.doRetrieveMatchingFiles(PathMatchingResourcePatternResolver.java:693): Searching directory [D:\learning\development\gitPro\FLATSRM\target\classes\com\flat\srm\common\ex] for files matching pattern [D:/learning/development/gitPro/FLATSRM/target/classes/com/flat/srm/**/*.class]  
[DEBUG] 2017-08-30 14:07:41,629(649) --&gt; [main] org.springframework.core.io.support.PathMatchingResourcePatternResolver.doRetrieveMatchingFiles(PathMatchingResourcePatternResolver.java:693): Searching directory [D:\learning\development\gitPro\FLATSRM\target\classes\com\flat\srm\common\publicBean] for files matching pattern [D:/learning/development/gitPro/FLATSRM/target/classes/com/flat/srm/**/*.class]  
[DEBUG] 2017-08-30 14:07:41,630(650) --&gt; [main] org.springframework.core.io.support.PathMatchingResourcePatternResolver.doRetrieveMatchingFiles(PathMatchingResourcePatternResolver.java:693): Searching directory [D:\learning\development\gitPro\FLATSRM\target\classes\com\flat\srm\common\security] for files matching pattern [D:/learning/development/gitPro/FLATSRM/target/classes/com/flat/srm/**/*.class]  
[DEBUG] 2017-08-30 14:07:41,631(651) --&gt; [main] org.springframework.core.io.support.PathMatchingResourcePatternResolver.doRetrieveMatchingFiles(PathMatchingResourcePatternResolver.java:693): Searching directory [D:\learning\development\gitPro\FLATSRM\target\classes\com\flat\srm\common\security\bean] for files matching pattern [D:/learning/development/gitPro/FLATSRM/target/classes/com/flat/srm/**/*.class]  
[DEBUG] 2017-08-30 14:07:41,631(651) --&gt; [main] org.springframework.core.io.support.PathMatchingResourcePatternResolver.doRetrieveMatchingFiles(PathMatchingResourcePatternResolver.java:693): Searching directory [D:\learning\development\gitPro\FLATSRM\target\classes\com\flat\srm\common\security\filter] for files matching pattern [D:/learning/development/gitPro/FLATSRM/target/classes/com/flat/srm/**/*.class]  
[DEBUG] 2017-08-30 14:07:41,633(653) --&gt; [main] org.springframework.core.io.support.PathMatchingResourcePatternResolver.doRetrieveMatchingFiles(PathMatchingResourcePatternResolver.java:693): Searching directory [D:\learning\development\gitPro\FLATSRM\target\classes\com\flat\srm\common\security\listenter] for files matching pattern [D:/learning/development/gitPro/FLATSRM/target/classes/com/flat/srm/**/*.class]  
[DEBUG] 2017-08-30 14:07:41,634(654) --&gt; [main] org.springframework.core.io.support.PathMatchingResourcePatternResolver.doRetrieveMatchingFiles(PathMatchingResourcePatternResolver.java:693): Searching directory [D:\learning\development\gitPro\FLATSRM\target\classes\com\flat\srm\common\tag] for files matching pattern [D:/learning/development/gitPro/FLATSRM/target/classes/com/flat/srm/**/*.class]  
[DEBUG] 2017-08-30 14:07:41,636(656) --&gt; [main] org.springframework.core.io.support.PathMatchingResourcePatternResolver.doRetrieveMatchingFiles(PathMatchingResourcePatternResolver.java:693): Searching directory [D:\learning\development\gitPro\FLATSRM\target\classes\com\flat\srm\common\util] for files matching pattern [D:/learning/development/gitPro/FLATSRM/target/classes/com/flat/srm/**/*.class]  
[DEBUG] 2017-08-30 14:07:41,637(657) --&gt; [main] org.springframework.core.io.support.PathMatchingResourcePatternResolver.doRetrieveMatchingFiles(PathMatchingResourcePatternResolver.java:693): Searching directory [D:\learning\development\gitPro\FLATSRM\target\classes\com\flat\srm\common\util\ip] for files matching pattern [D:/learning/development/gitPro/FLATSRM/target/classes/com/flat/srm/**/*.class]  
[DEBUG] 2017-08-30 14:07:41,642(662) --&gt; [main] org.springframework.core.io.support.PathMatchingResourcePatternResolver.doRetrieveMatchingFiles(PathMatchingResourcePatternResolver.java:693): Searching directory [D:\learning\development\gitPro\FLATSRM\target\classes\com\flat\srm\dictionary] for files matching pattern [D:/learning/development/gitPro/FLATSRM/target/classes/com/flat/srm/**/*.class]  
[DEBUG] 2017-08-30 14:07:41,643(663) --&gt; [main] org.springframework.core.io.support.PathMatchingResourcePatternResolver.doRetrieveMatchingFiles(PathMatchingResourcePatternResolver.java:693): Searching directory [D:\learning\development\gitPro\FLATSRM\target\classes\com\flat\srm\dictionary\bean] for files matching pattern [D:/learning/development/gitPro/FLATSRM/target/classes/com/flat/srm/**/*.class]  
[DEBUG] 2017-08-30 14:07:41,643(663) --&gt; [main] org.springframework.core.io.support.PathMatchingResourcePatternResolver.doRetrieveMatchingFiles(PathMatchingResourcePatternResolver.java:693): Searching directory [D:\learning\development\gitPro\FLATSRM\target\classes\com\flat\srm\dictionary\dao] for files matching pattern [D:/learning/development/gitPro/FLATSRM/target/classes/com/flat/srm/**/*.class]  
[DEBUG] 2017-08-30 14:07:41,644(664) --&gt; [main] org.springframework.core.io.support.PathMatchingResourcePatternResolver.doRetrieveMatchingFiles(PathMatchingResourcePatternResolver.java:693): Searching directory [D:\learning\development\gitPro\FLATSRM\target\classes\com\flat\srm\dictionary\dao\supplier] for files matching pattern [D:/learning/development/gitPro/FLATSRM/target/classes/com/flat/srm/**/*.class]  
[DEBUG] 2017-08-30 14:07:41,645(665) --&gt; [main] org.springframework.core.io.support.PathMatchingResourcePatternResolver.doRetrieveMatchingFiles(PathMatchingResourcePatternResolver.java:693): Searching directory [D:\learning\development\gitPro\FLATSRM\target\classes\com\flat\srm\dictionary\dao\supplierPicture] for files matching pattern [D:/learning/development/gitPro/FLATSRM/target/classes/com/flat/srm/**/*.class]  
[DEBUG] 2017-08-30 14:07:41,649(669) --&gt; [main] org.springframework.core.io.support.PathMatchingResourcePatternResolver.doRetrieveMatchingFiles(PathMatchingResourcePatternResolver.java:693): Searching directory [D:\learning\development\gitPro\FLATSRM\target\classes\com\flat\srm\dictionary\service] for files matching pattern [D:/learning/development/gitPro/FLATSRM/target/classes/com/flat/srm/**/*.class]  
[DEBUG] 2017-08-30 14:07:41,650(670) --&gt; [main] org.springframework.core.io.support.PathMatchingResourcePatternResolver.doRetrieveMatchingFiles(PathMatchingResourcePatternResolver.java:693): Searching directory [D:\learning\development\gitPro\FLATSRM\target\classes\com\flat\srm\dictionary\service\supplier] for files matching pattern [D:/learning/development/gitPro/FLATSRM/target/classes/com/flat/srm/**/*.class]  
[DEBUG] 2017-08-30 14:07:41,651(671) --&gt; [main] org.springframework.core.io.support.PathMatchingResourcePatternResolver.doRetrieveMatchingFiles(PathMatchingResourcePatternResolver.java:693): Searching directory [D:\learning\development\gitPro\FLATSRM\target\classes\com\flat\srm\dictionary\service\supplier\impl] for files matching pattern [D:/learning/development/gitPro/FLATSRM/target/classes/com/flat/srm/**/*.class]  
[DEBUG] 2017-08-30 14:07:41,660(680) --&gt; [main] org.springframework.core.io.support.PathMatchingResourcePatternResolver.doRetrieveMatchingFiles(PathMatchingResourcePatternResolver.java:693): Searching directory [D:\learning\development\gitPro\FLATSRM\target\classes\com\flat\srm\dictionary\service\supplierPicture] for files matching pattern [D:/learning/development/gitPro/FLATSRM/target/classes/com/flat/srm/**/*.class]  
[DEBUG] 2017-08-30 14:07:41,661(681) --&gt; [main] org.springframework.core.io.support.PathMatchingResourcePatternResolver.doRetrieveMatchingFiles(PathMatchingResourcePatternResolver.java:693): Searching directory [D:\learning\development\gitPro\FLATSRM\target\classes\com\flat\srm\dictionary\service\supplierPicture\impl] for files matching pattern [D:/learning/development/gitPro/FLATSRM/target/classes/com/flat/srm/**/*.class]  
[DEBUG] 2017-08-30 14:07:41,665(685) --&gt; [main] org.springframework.core.io.support.PathMatchingResourcePatternResolver.doRetrieveMatchingFiles(PathMatchingResourcePatternResolver.java:693): Searching directory [D:\learning\development\gitPro\FLATSRM\target\classes\com\flat\srm\dictionary\web] for files matching pattern [D:/learning/development/gitPro/FLATSRM/target/classes/com/flat/srm/**/*.class]  
[DEBUG] 2017-08-30 14:07:41,668(688) --&gt; [main] org.springframework.core.io.support.PathMatchingResourcePatternResolver.doRetrieveMatchingFiles(PathMatchingResourcePatternResolver.java:693): Searching directory [D:\learning\development\gitPro\FLATSRM\target\classes\com\flat\srm\system] for files matching pattern [D:/learning/development/gitPro/FLATSRM/target/classes/com/flat/srm/**/*.class]  
[DEBUG] 2017-08-30 14:07:41,669(689) --&gt; [main] org.springframework.core.io.support.PathMatchingResourcePatternResolver.doRetrieveMatchingFiles(PathMatchingResourcePatternResolver.java:693): Searching directory [D:\learning\development\gitPro\FLATSRM\target\classes\com\flat\srm\system\bean] for files matching pattern [D:/learning/development/gitPro/FLATSRM/target/classes/com/flat/srm/**/*.class]  
[DEBUG] 2017-08-30 14:07:41,670(690) --&gt; [main] org.springframework.core.io.support.PathMatchingResourcePatternResolver.doRetrieveMatchingFiles(PathMatchingResourcePatternResolver.java:693): Searching directory [D:\learning\development\gitPro\FLATSRM\target\classes\com\flat\srm\system\dao] for files matching pattern [D:/learning/development/gitPro/FLATSRM/target/classes/com/flat/srm/**/*.class]  
[DEBUG] 2017-08-30 14:07:41,671(691) --&gt; [main] org.springframework.core.io.support.PathMatchingResourcePatternResolver.doRetrieveMatchingFiles(PathMatchingResourcePatternResolver.java:693): Searching directory [D:\learning\development\gitPro\FLATSRM\target\classes\com\flat\srm\system\dao\adminlog] for files matching pattern [D:/learning/development/gitPro/FLATSRM/target/classes/com/flat/srm/**/*.class]  
[DEBUG] 2017-08-30 14:07:41,672(692) --&gt; [main] org.springframework.core.io.support.PathMatchingResourcePatternResolver.doRetrieveMatchingFiles(PathMatchingResourcePatternResolver.java:693): Searching directory [D:\learning\development\gitPro\FLATSRM\target\classes\com\flat\srm\system\dao\authorization] for files matching pattern [D:/learning/development/gitPro/FLATSRM/target/classes/com/flat/srm/**/*.class]  
[DEBUG] 2017-08-30 14:07:41,673(693) --&gt; [main] org.springframework.core.io.support.PathMatchingResourcePatternResolver.doRetrieveMatchingFiles(PathMatchingResourcePatternResolver.java:693): Searching directory [D:\learning\development\gitPro\FLATSRM\target\classes\com\flat\srm\system\dao\permissions] for files matching pattern [D:/learning/development/gitPro/FLATSRM/target/classes/com/flat/srm/**/*.class]  
[DEBUG] 2017-08-30 14:07:41,675(695) --&gt; [main] org.springframework.core.io.support.PathMatchingResourcePatternResolver.doRetrieveMatchingFiles(PathMatchingResourcePatternResolver.java:693): Searching directory [D:\learning\development\gitPro\FLATSRM\target\classes\com\flat\srm\system\dao\role] for files matching pattern [D:/learning/development/gitPro/FLATSRM/target/classes/com/flat/srm/**/*.class]  
[DEBUG] 2017-08-30 14:07:41,675(695) --&gt; [main] org.springframework.core.io.support.PathMatchingResourcePatternResolver.doRetrieveMatchingFiles(PathMatchingResourcePatternResolver.java:693): Searching directory [D:\learning\development\gitPro\FLATSRM\target\classes\com\flat\srm\system\dao\user] for files matching pattern [D:/learning/development/gitPro/FLATSRM/target/classes/com/flat/srm/**/*.class]  
[DEBUG] 2017-08-30 14:07:41,676(696) --&gt; [main] org.springframework.core.io.support.PathMatchingResourcePatternResolver.doRetrieveMatchingFiles(PathMatchingResourcePatternResolver.java:693): Searching directory [D:\learning\development\gitPro\FLATSRM\target\classes\com\flat\srm\system\service] for files matching pattern [D:/learning/development/gitPro/FLATSRM/target/classes/com/flat/srm/**/*.class]  
[DEBUG] 2017-08-30 14:07:41,680(700) --&gt; [main] org.springframework.core.io.support.PathMatchingResourcePatternResolver.doRetrieveMatchingFiles(PathMatchingResourcePatternResolver.java:693): Searching directory [D:\learning\development\gitPro\FLATSRM\target\classes\com\flat\srm\system\service\authorization] for files matching pattern [D:/learning/development/gitPro/FLATSRM/target/classes/com/flat/srm/**/*.class]  
[DEBUG] 2017-08-30 14:07:41,681(701) --&gt; [main] org.springframework.core.io.support.PathMatchingResourcePatternResolver.doRetrieveMatchingFiles(PathMatchingResourcePatternResolver.java:693): Searching directory [D:\learning\development\gitPro\FLATSRM\target\classes\com\flat\srm\system\service\authorization\impl] for files matching pattern [D:/learning/development/gitPro/FLATSRM/target/classes/com/flat/srm/**/*.class]  
[DEBUG] 2017-08-30 14:07:41,682(702) --&gt; [main] org.springframework.core.io.support.PathMatchingResourcePatternResolver.doRetrieveMatchingFiles(PathMatchingResourcePatternResolver.java:693): Searching directory [D:\learning\development\gitPro\FLATSRM\target\classes\com\flat\srm\system\service\permissions] for files matching pattern [D:/learning/development/gitPro/FLATSRM/target/classes/com/flat/srm/**/*.class]  
[DEBUG] 2017-08-30 14:07:41,683(703) --&gt; [main] org.springframework.core.io.support.PathMatchingResourcePatternResolver.doRetrieveMatchingFiles(PathMatchingResourcePatternResolver.java:693): Searching directory [D:\learning\development\gitPro\FLATSRM\target\classes\com\flat\srm\system\service\permissions\impl] for files matching pattern [D:/learning/development/gitPro/FLATSRM/target/classes/com/flat/srm/**/*.class]  
[DEBUG] 2017-08-30 14:07:41,684(704) --&gt; [main] org.springframework.core.io.support.PathMatchingResourcePatternResolver.doRetrieveMatchingFiles(PathMatchingResourcePatternResolver.java:693): Searching directory [D:\learning\development\gitPro\FLATSRM\target\classes\com\flat\srm\system\service\role] for files matching pattern [D:/learning/development/gitPro/FLATSRM/target/classes/com/flat/srm/**/*.class]  
[DEBUG] 2017-08-30 14:07:41,685(705) --&gt; [main] org.springframework.core.io.support.PathMatchingResourcePatternResolver.doRetrieveMatchingFiles(PathMatchingResourcePatternResolver.java:693): Searching directory [D:\learning\development\gitPro\FLATSRM\target\classes\com\flat\srm\system\service\role\impl] for files matching pattern [D:/learning/development/gitPro/FLATSRM/target/classes/com/flat/srm/**/*.class]  
[DEBUG] 2017-08-30 14:07:41,686(706) --&gt; [main] org.springframework.core.io.support.PathMatchingResourcePatternResolver.doRetrieveMatchingFiles(PathMatchingResourcePatternResolver.java:693): Searching directory [D:\learning\development\gitPro\FLATSRM\target\classes\com\flat\srm\system\service\user] for files matching pattern [D:/learning/development/gitPro/FLATSRM/target/classes/com/flat/srm/**/*.class]  
[DEBUG] 2017-08-30 14:07:41,688(708) --&gt; [main] org.springframework.core.io.support.PathMatchingResourcePatternResolver.doRetrieveMatchingFiles(PathMatchingResourcePatternResolver.java:693): Searching directory [D:\learning\development\gitPro\FLATSRM\target\classes\com\flat\srm\system\service\user\impl] for files matching pattern [D:/learning/development/gitPro/FLATSRM/target/classes/com/flat/srm/**/*.class]  
[DEBUG] 2017-08-30 14:07:41,689(709) --&gt; [main] org.springframework.core.io.support.PathMatchingResourcePatternResolver.doRetrieveMatchingFiles(PathMatchingResourcePatternResolver.java:693): Searching directory [D:\learning\development\gitPro\FLATSRM\target\classes\com\flat\srm\system\web] for files matching pattern [D:/learning/development/gitPro/FLATSRM/target/classes/com/flat/srm/**/*.class]  
[DEBUG] 2017-08-30 14:07:41,702(722) --&gt; [main] org.springframework.core.io.support.PathMatchingResourcePatternResolver.findPathMatchingResources(PathMatchingResourcePatternResolver.java:424): Resolved location pattern [classpath*:com/flat/srm/**/*.class] to resources [file [D:\learning\development\gitPro\FLATSRM\target\test-classes\com\flat\srm\dictionary\SupplierText.class], file [D:\learning\development\gitPro\FLATSRM\target\test-classes\com\flat\srm\system\UserTest.class], file [D:\learning\development\gitPro\FLATSRM\target\classes\com\flat\srm\common\core\aop\LogInterceptor.class], file [D:\learning\development\gitPro\FLATSRM\target\classes\com\flat\srm\common\core\aop\ThrowingInterceptor.class], file [D:\learning\development\gitPro\FLATSRM\target\classes\com\flat\srm\common\core\BaseController.class], file [D:\learning\development\gitPro\FLATSRM\target\classes\com\flat\srm\common\core\BasePathExpsoer.class], file [D:\learning\development\gitPro\FLATSRM\target\classes\com\flat\srm\common\core\des\DESUtils.class], file [D:\learning\development\gitPro\FLATSRM\target\classes\com\flat\srm\common\core\des\EncryptPropertyPlaceholderConfigurer.class], file [D:\learning\development\gitPro\FLATSRM\target\classes\com\flat\srm\common\core\ExamplePlugin.class], file [D:\learning\development\gitPro\FLATSRM\target\classes\com\flat\srm\common\core\UTF8StringHttpMessageConverter.class], file [D:\learning\development\gitPro\FLATSRM\target\classes\com\flat\srm\common\datasource\DataSourceContextHolder.class], file [D:\learning\development\gitPro\FLATSRM\target\classes\com\flat\srm\common\datasource\DataSourceType.class], file [D:\learning\development\gitPro\FLATSRM\target\classes\com\flat\srm\common\datasource\DynamicDataSource.class], file [D:\learning\development\gitPro\FLATSRM\target\classes\com\flat\srm\common\ex\MyExceptionHandler.class], file [D:\learning\development\gitPro\FLATSRM\target\classes\com\flat\srm\common\publicBean\TzParams.class], file [D:\learning\development\gitPro\FLATSRM\target\classes\com\flat\srm\common\security\bean\ShiroToken.class], file [D:\learning\development\gitPro\FLATSRM\target\classes\com\flat\srm\common\security\filter\LoginFormAuthFilter.class], file [D:\learning\development\gitPro\FLATSRM\target\classes\com\flat\srm\common\security\listenter\CustomSessionListener.class], file [D:\learning\development\gitPro\FLATSRM\target\classes\com\flat\srm\common\security\ShiroSessionUtil.class], file [D:\learning\development\gitPro\FLATSRM\target\classes\com\flat\srm\common\security\UserRealm.class], file [D:\learning\development\gitPro\FLATSRM\target\classes\com\flat\srm\common\tag\ContentListTag.class], file [D:\learning\development\gitPro\FLATSRM\target\classes\com\flat\srm\common\tag\FindRoleTag.class], file [D:\learning\development\gitPro\FLATSRM\target\classes\com\flat\srm\common\tag\JgzFunctions.class], file [D:\learning\development\gitPro\FLATSRM\target\classes\com\flat\srm\common\tag\jgzRMB.class], file [D:\learning\development\gitPro\FLATSRM\target\classes\com\flat\srm\common\tag\JgzTagCx.class], file [D:\learning\development\gitPro\FLATSRM\target\classes\com\flat\srm\common\tag\PermissionsTag.class], file [D:\learning\development\gitPro\FLATSRM\target\classes\com\flat\srm\common\tag\TextTag.class], file [D:\learning\development\gitPro\FLATSRM\target\classes\com\flat\srm\common\tag\TzElseTag.class], file [D:\learning\development\gitPro\FLATSRM\target\classes\com\flat\srm\common\tag\TzIFTag.class], file [D:\learning\development\gitPro\FLATSRM\target\classes\com\flat\srm\common\tag\TzThenTag.class], file [D:\learning\development\gitPro\FLATSRM\target\classes\com\flat\srm\common\util\BooleanEditor.class], file [D:\learning\development\gitPro\FLATSRM\target\classes\com\flat\srm\common\util\DateEditor.class], file [D:\learning\development\gitPro\FLATSRM\target\classes\com\flat\srm\common\util\DateFormateEditor.class], file [D:\learning\development\gitPro\FLATSRM\target\classes\com\flat\srm\common\util\ip\IPEntry.class], file [D:\learning\development\gitPro\FLATSRM\target\classes\com\flat\srm\common\util\ip\IPLocation.class], file [D:\learning\development\gitPro\FLATSRM\target\classes\com\flat\srm\common\util\ip\IPSeeker.class], file [D:\learning\development\gitPro\FLATSRM\target\classes\com\flat\srm\common\util\ip\LogFactory.class], file [D:\learning\development\gitPro\FLATSRM\target\classes\com\flat\srm\common\util\ip\Message.class], file [D:\learning\development\gitPro\FLATSRM\target\classes\com\flat\srm\common\util\ip\TmIPSeeker.class], file [D:\learning\development\gitPro\FLATSRM\target\classes\com\flat\srm\common\util\ip\TmIpUtil.class], file [D:\learning\development\gitPro\FLATSRM\target\classes\com\flat\srm\common\util\ip\TmStringSubUtil.class], file [D:\learning\development\gitPro\FLATSRM\target\classes\com\flat\srm\common\util\ip\Util.class], file [D:\learning\development\gitPro\FLATSRM\target\classes\com\flat\srm\common\util\JgzConstant.class], file [D:\learning\development\gitPro\FLATSRM\target\classes\com\flat\srm\common\util\LoggerUtils.class], file [D:\learning\development\gitPro\FLATSRM\target\classes\com\flat\srm\common\util\SerializeUtil.class], file [D:\learning\development\gitPro\FLATSRM\target\classes\com\flat\srm\common\util\StringToDateConvert.class], file [D:\learning\development\gitPro\FLATSRM\target\classes\com\flat\srm\common\util\stringUtil.class], file [D:\learning\development\gitPro\FLATSRM\target\classes\com\flat\srm\common\util\TmFileUtil$1.class], file [D:\learning\development\gitPro\FLATSRM\target\classes\com\flat\srm\common\util\TmFileUtil$2.class], file [D:\learning\development\gitPro\FLATSRM\target\classes\com\flat\srm\common\util\TmFileUtil$3.class], file [D:\learning\development\gitPro\FLATSRM\target\classes\com\flat\srm\common\util\TmFileUtil.class], file [D:\learning\development\gitPro\FLATSRM\target\classes\com\flat\srm\common\util\TmStringUtils$1.class], file [D:\learning\development\gitPro\FLATSRM\target\classes\com\flat\srm\common\util\TmStringUtils$ENCODING.class], file [D:\learning\development\gitPro\FLATSRM\target\classes\com\flat\srm\common\util\TmStringUtils.class], file [D:\learning\development\gitPro\FLATSRM\target\classes\com\flat\srm\dictionary\bean\Supplier.class], file [D:\learning\development\gitPro\FLATSRM\target\classes\com\flat\srm\dictionary\bean\SupplierPicture.class], file [D:\learning\development\gitPro\FLATSRM\target\classes\com\flat\srm\dictionary\dao\supplier\ISupplierMapper.class], file [D:\learning\development\gitPro\FLATSRM\target\classes\com\flat\srm\dictionary\dao\supplierPicture\ISupplierPictureMapper.class], file [D:\learning\development\gitPro\FLATSRM\target\classes\com\flat\srm\dictionary\service\supplier\impl\SupplierServiceImpl.class], file [D:\learning\development\gitPro\FLATSRM\target\classes\com\flat\srm\dictionary\service\supplier\ISupplierService.class], file [D:\learning\development\gitPro\FLATSRM\target\classes\com\flat\srm\dictionary\service\supplierPicture\impl\SupplierPictureImpl.class], file [D:\learning\development\gitPro\FLATSRM\target\classes\com\flat\srm\dictionary\service\supplierPicture\ISupplierPictureService.class], file [D:\learning\development\gitPro\FLATSRM\target\classes\com\flat\srm\dictionary\web\SupplierController.class], file [D:\learning\development\gitPro\FLATSRM\target\classes\com\flat\srm\system\bean\AdminLog.class], file [D:\learning\development\gitPro\FLATSRM\target\classes\com\flat\srm\system\bean\Authorization.class], file [D:\learning\development\gitPro\FLATSRM\target\classes\com\flat\srm\system\bean\Permissions.class], file [D:\learning\development\gitPro\FLATSRM\target\classes\com\flat\srm\system\bean\Role.class], file [D:\learning\development\gitPro\FLATSRM\target\classes\com\flat\srm\system\bean\User.class], file [D:\learning\development\gitPro\FLATSRM\target\classes\com\flat\srm\system\dao\adminlog\IAdminLogMapper.class], file [D:\learning\development\gitPro\FLATSRM\target\classes\com\flat\srm\system\dao\authorization\IAuthorizationMapper.class], file [D:\learning\development\gitPro\FLATSRM\target\classes\com\flat\srm\system\dao\permissions\IPermissionsMapper.class], file [D:\learning\development\gitPro\FLATSRM\target\classes\com\flat\srm\system\dao\role\IRoleMapper.class], file [D:\learning\development\gitPro\FLATSRM\target\classes\com\flat\srm\system\dao\user\IUserMapper.class], file [D:\learning\development\gitPro\FLATSRM\target\classes\com\flat\srm\system\service\authorization\IAuthorizationService.class], file [D:\learning\development\gitPro\FLATSRM\target\classes\com\flat\srm\system\service\authorization\impl\AuthorizationServiceImpl.class], file [D:\learning\development\gitPro\FLATSRM\target\classes\com\flat\srm\system\service\permissions\impl\PermissionsServiceImpl.class], file [D:\learning\development\gitPro\FLATSRM\target\classes\com\flat\srm\system\service\permissions\IPermissionsService.class], file [D:\learning\development\gitPro\FLATSRM\target\classes\com\flat\srm\system\service\role\impl\RoleServiceImpl.class], file [D:\learning\development\gitPro\FLATSRM\target\classes\com\flat\srm\system\service\role\IRoleService.class], file [D:\learning\development\gitPro\FLATSRM\target\classes\com\flat\srm\system\service\user\impl\UserServiceImpl.class], file [D:\learning\development\gitPro\FLATSRM\target\classes\com\flat\srm\system\service\user\IUserService.class], file [D:\learning\development\gitPro\FLATSRM\target\classes\com\flat\srm\system\web\authorizationController.class], file [D:\learning\development\gitPro\FLATSRM\target\classes\com\flat\srm\system\web\CaptchaImageCreateController.class], file [D:\learning\development\gitPro\FLATSRM\target\classes\com\flat\srm\system\web\DictionaryController.class], file [D:\learning\development\gitPro\FLATSRM\target\classes\com\flat\srm\system\web\ErrorController.class], file [D:\learning\development\gitPro\FLATSRM\target\classes\com\flat\srm\system\web\IndexController.class], file [D:\learning\development\gitPro\FLATSRM\target\classes\com\flat\srm\system\web\LoginController.class], file [D:\learning\development\gitPro\FLATSRM\target\classes\com\flat\srm\system\web\PermissionsMGController.class], file [D:\learning\development\gitPro\FLATSRM\target\classes\com\flat\srm\system\web\RegisteredController.class], file [D:\learning\development\gitPro\FLATSRM\target\classes\com\flat\srm\system\web\RoleMGController.class], file [D:\learning\development\gitPro\FLATSRM\target\classes\com\flat\srm\system\web\UploadController.class], file [D:\learning\development\gitPro\FLATSRM\target\classes\com\flat\srm\system\web\UserMGController.class]]  
[DEBUG] 2017-08-30 14:07:41,858(878) --&gt; [main] org.springframework.context.annotation.ClassPathScanningCandidateComponentProvider.findCandidateComponents(ClassPathScanningCandidateComponentProvider.java:292): Ignored because not a concrete top-level class: file [D:\learning\development\gitPro\FLATSRM\target\classes\com\flat\srm\dictionary\dao\supplier\ISupplierMapper.class]  
[DEBUG] 2017-08-30 14:07:41,864(884) --&gt; [main] org.springframework.context.annotation.ClassPathScanningCandidateComponentProvider.findCandidateComponents(ClassPathScanningCandidateComponentProvider.java:292): Ignored because not a concrete top-level class: file [D:\learning\development\gitPro\FLATSRM\target\classes\com\flat\srm\dictionary\dao\supplierPicture\ISupplierPictureMapper.class]  
[DEBUG] 2017-08-30 14:07:41,870(890) --&gt; [main] org.springframework.context.annotation.ClassPathScanningCandidateComponentProvider.findCandidateComponents(ClassPathScanningCandidateComponentProvider.java:286): Identified candidate component class: file [D:\learning\development\gitPro\FLATSRM\target\classes\com\flat\srm\dictionary\service\supplier\impl\SupplierServiceImpl.class]  
[DEBUG] 2017-08-30 14:07:41,882(902) --&gt; [main] org.springframework.context.annotation.ClassPathScanningCandidateComponentProvider.findCandidateComponents(ClassPathScanningCandidateComponentProvider.java:286): Identified candidate component class: file [D:\learning\development\gitPro\FLATSRM\target\classes\com\flat\srm\dictionary\service\supplierPicture\impl\SupplierPictureImpl.class]  
[DEBUG] 2017-08-30 14:07:41,901(921) --&gt; [main] org.springframework.context.annotation.ClassPathScanningCandidateComponentProvider.findCandidateComponents(ClassPathScanningCandidateComponentProvider.java:292): Ignored because not a concrete top-level class: file [D:\learning\development\gitPro\FLATSRM\target\classes\com\flat\srm\system\dao\adminlog\IAdminLogMapper.class]  
[DEBUG] 2017-08-30 14:07:41,902(922) --&gt; [main] org.springframework.context.annotation.ClassPathScanningCandidateComponentProvider.findCandidateComponents(ClassPathScanningCandidateComponentProvider.java:292): Ignored because not a concrete top-level class: file [D:\learning\development\gitPro\FLATSRM\target\classes\com\flat\srm\system\dao\authorization\IAuthorizationMapper.class]  
[DEBUG] 2017-08-30 14:07:41,904(924) --&gt; [main] org.springframework.context.annotation.ClassPathScanningCandidateComponentProvider.findCandidateComponents(ClassPathScanningCandidateComponentProvider.java:292): Ignored because not a concrete top-level class: file [D:\learning\development\gitPro\FLATSRM\target\classes\com\flat\srm\system\dao\permissions\IPermissionsMapper.class]  
[DEBUG] 2017-08-30 14:07:41,907(927) --&gt; [main] org.springframework.context.annotation.ClassPathScanningCandidateComponentProvider.findCandidateComponents(ClassPathScanningCandidateComponentProvider.java:292): Ignored because not a concrete top-level class: file [D:\learning\development\gitPro\FLATSRM\target\classes\com\flat\srm\system\dao\role\IRoleMapper.class]  
[DEBUG] 2017-08-30 14:07:41,910(930) --&gt; [main] org.springframework.context.annotation.ClassPathScanningCandidateComponentProvider.findCandidateComponents(ClassPathScanningCandidateComponentProvider.java:292): Ignored because not a concrete top-level class: file [D:\learning\development\gitPro\FLATSRM\target\classes\com\flat\srm\system\dao\user\IUserMapper.class]  
[DEBUG] 2017-08-30 14:07:41,912(932) --&gt; [main] org.springframework.context.annotation.ClassPathScanningCandidateComponentProvider.findCandidateComponents(ClassPathScanningCandidateComponentProvider.java:286): Identified candidate component class: file [D:\learning\development\gitPro\FLATSRM\target\classes\com\flat\srm\system\service\authorization\impl\AuthorizationServiceImpl.class]  
[DEBUG] 2017-08-30 14:07:41,913(933) --&gt; [main] org.springframework.context.annotation.ClassPathScanningCandidateComponentProvider.findCandidateComponents(ClassPathScanningCandidateComponentProvider.java:286): Identified candidate component class: file [D:\learning\development\gitPro\FLATSRM\target\classes\com\flat\srm\system\service\permissions\impl\PermissionsServiceImpl.class]  
[DEBUG] 2017-08-30 14:07:41,915(935) --&gt; [main] org.springframework.context.annotation.ClassPathScanningCandidateComponentProvider.findCandidateComponents(ClassPathScanningCandidateComponentProvider.java:286): Identified candidate component class: file [D:\learning\development\gitPro\FLATSRM\target\classes\com\flat\srm\system\service\role\impl\RoleServiceImpl.class]  
[DEBUG] 2017-08-30 14:07:41,918(938) --&gt; [main] org.springframework.context.annotation.ClassPathScanningCandidateComponentProvider.findCandidateComponents(ClassPathScanningCandidateComponentProvider.java:286): Identified candidate component class: file [D:\learning\development\gitPro\FLATSRM\target\classes\com\flat\srm\system\service\user\impl\UserServiceImpl.class]  
[DEBUG] 2017-08-30 14:07:41,968(988) --&gt; [main] org.springframework.beans.factory.xml.BeanDefinitionParserDelegate.parseBeanDefinitionElement(BeanDefinitionParserDelegate.java:481): Neither XML &apos;id&apos; nor &apos;name&apos; specified - using generated bean name [com.flat.srm.common.core.des.EncryptPropertyPlaceholderConfigurer#0]  
[DEBUG] 2017-08-30 14:07:41,994(1014) --&gt; [main] org.springframework.beans.factory.xml.BeanDefinitionParserDelegate.parseBeanDefinitionElement(BeanDefinitionParserDelegate.java:481): Neither XML &apos;id&apos; nor &apos;name&apos; specified - using generated bean name [org.mybatis.spring.mapper.MapperScannerConfigurer#0]  
[DEBUG] 2017-08-30 14:07:42,037(1057) --&gt; [main] org.springframework.beans.factory.xml.BeanDefinitionParserDelegate.parseBeanDefinitionElement(BeanDefinitionParserDelegate.java:481): Neither XML &apos;id&apos; nor &apos;name&apos; specified - using generated bean name [com.google.code.kaptcha.util.Config#2667f029]  
[DEBUG] 2017-08-30 14:07:42,038(1058) --&gt; [main] org.springframework.beans.factory.support.AbstractBeanDefinitionReader.loadBeanDefinitions(AbstractBeanDefinitionReader.java:224): Loaded 23 bean definitions from location pattern [classpath:spring/applicationContext.xml]  
[INFO ] 2017-08-30 14:07:42,039(1059) --&gt; [main] org.springframework.beans.factory.xml.XmlBeanDefinitionReader.loadBeanDefinitions(XmlBeanDefinitionReader.java:317): Loading XML bean definitions from class path resource [spring/applicationContext-shiro.xml]  
[DEBUG] 2017-08-30 14:07:42,042(1062) --&gt; [main] org.springframework.beans.factory.xml.DefaultDocumentLoader.loadDocument(DefaultDocumentLoader.java:73): Using JAXP provider [com.sun.org.apache.xerces.internal.jaxp.DocumentBuilderFactoryImpl]  
[DEBUG] 2017-08-30 14:07:42,046(1066) --&gt; [main] org.springframework.beans.factory.xml.PluggableSchemaResolver.resolveEntity(PluggableSchemaResolver.java:119): Found XML schema [http://www.springframework.org/schema/beans/spring-beans-4.2.xsd] in classpath: org/springframework/beans/factory/xml/spring-beans-4.2.xsd  
[DEBUG] 2017-08-30 14:07:42,163(1183) --&gt; [main] org.springframework.beans.factory.xml.DefaultBeanDefinitionDocumentReader.registerBeanDefinitions(DefaultBeanDefinitionDocumentReader.java:92): Loading bean definitions  
[DEBUG] 2017-08-30 14:07:42,171(1191) --&gt; [main] org.springframework.beans.factory.support.AbstractBeanDefinitionReader.loadBeanDefinitions(AbstractBeanDefinitionReader.java:224): Loaded 10 bean definitions from location pattern [classpath:spring/applicationContext-shiro.xml]  
[INFO ] 2017-08-30 14:07:42,178(1198) --&gt; [main] org.springframework.context.support.AbstractApplicationContext.prepareRefresh(AbstractApplicationContext.java:573): Refreshing org.springframework.context.support.GenericApplicationContext@5bc79255: startup date [Wed Aug 30 14:07:42 CST 2017]; root of context hierarchy  
[DEBUG] 2017-08-30 14:07:42,179(1199) --&gt; [main] org.springframework.context.support.AbstractApplicationContext.obtainFreshBeanFactory(AbstractApplicationContext.java:607): Bean factory for org.springframework.context.support.GenericApplicationContext@5bc79255: org.springframework.beans.factory.support.DefaultListableBeanFactory@6a400542: defining beans [org.springframework.context.annotation.internalConfigurationAnnotationProcessor,org.springframework.context.annotation.internalAutowiredAnnotationProcessor,org.springframework.context.annotation.internalRequiredAnnotationProcessor,org.springframework.context.annotation.internalCommonAnnotationProcessor,org.springframework.context.event.internalEventListenerProcessor,org.springframework.context.event.internalEventListenerFactory,supplierServiceImpl,supplierPictureImpl,authorizationServiceImpl,permissionsServiceImpl,roleServiceImpl,userServiceImpl,com.flat.srm.common.core.des.EncryptPropertyPlaceholderConfigurer#0,org.springframework.context.support.PropertySourcesPlaceholderConfigurer#0,dataSourceMysql,dynamicDataSource,sqlSessionFactory,org.mybatis.spring.mapper.MapperScannerConfigurer#0,txManage,txAdvice,org.springframework.aop.config.internalAutoProxyCreator,org.springframework.aop.support.DefaultBeanFactoryPointcutAdvisor#0,captchaProducer,sessionDAO,shiroFilter,securityManager,userRealm,cacheManager,sessionIdCookie,sessionManager,loginFormAuthFilter,logoutFilter,sessionListener]; root of factory hierarchy  
[DEBUG] 2017-08-30 14:07:42,286(1306) --&gt; [main] org.springframework.beans.factory.support.DefaultSingletonBeanRegistry.getSingleton(DefaultSingletonBeanRegistry.java:221): Creating shared instance of singleton bean &apos;org.springframework.context.annotation.internalConfigurationAnnotationProcessor&apos;  
[DEBUG] 2017-08-30 14:07:42,290(1310) --&gt; [main] org.springframework.beans.factory.support.AbstractAutowireCapableBeanFactory.createBean(AbstractAutowireCapableBeanFactory.java:448): Creating instance of bean &apos;org.springframework.context.annotation.internalConfigurationAnnotationProcessor&apos;  
[DEBUG] 2017-08-30 14:07:42,314(1334) --&gt; [main] org.springframework.beans.factory.support.AbstractAutowireCapableBeanFactory.doCreateBean(AbstractAutowireCapableBeanFactory.java:529): Eagerly caching bean &apos;org.springframework.context.annotation.internalConfigurationAnnotationProcessor&apos; to allow for resolving potential circular references  
[DEBUG] 2017-08-30 14:07:42,318(1338) --&gt; [main] org.springframework.beans.factory.support.AbstractAutowireCapableBeanFactory.createBean(AbstractAutowireCapableBeanFactory.java:484): Finished creating instance of bean &apos;org.springframework.context.annotation.internalConfigurationAnnotationProcessor&apos;  
[DEBUG] 2017-08-30 14:07:42,429(1449) --&gt; [main] org.springframework.beans.factory.support.DefaultSingletonBeanRegistry.getSingleton(DefaultSingletonBeanRegistry.java:221): Creating shared instance of singleton bean &apos;org.mybatis.spring.mapper.MapperScannerConfigurer#0&apos;  
[DEBUG] 2017-08-30 14:07:42,432(1452) --&gt; [main] org.springframework.beans.factory.support.AbstractAutowireCapableBeanFactory.createBean(AbstractAutowireCapableBeanFactory.java:448): Creating instance of bean &apos;org.mybatis.spring.mapper.MapperScannerConfigurer#0&apos;  
[DEBUG] 2017-08-30 14:07:42,433(1453) --&gt; [main] org.springframework.beans.factory.support.AbstractAutowireCapableBeanFactory.doCreateBean(AbstractAutowireCapableBeanFactory.java:529): Eagerly caching bean &apos;org.mybatis.spring.mapper.MapperScannerConfigurer#0&apos; to allow for resolving potential circular references  
[DEBUG] 2017-08-30 14:07:42,507(1527) --&gt; [main] org.springframework.beans.factory.support.AbstractAutowireCapableBeanFactory.invokeInitMethods(AbstractAutowireCapableBeanFactory.java:1620): Invoking afterPropertiesSet() on bean with name &apos;org.mybatis.spring.mapper.MapperScannerConfigurer#0&apos;  
[DEBUG] 2017-08-30 14:07:42,511(1531) --&gt; [main] org.springframework.beans.factory.support.AbstractAutowireCapableBeanFactory.createBean(AbstractAutowireCapableBeanFactory.java:484): Finished creating instance of bean &apos;org.mybatis.spring.mapper.MapperScannerConfigurer#0&apos;  
[DEBUG] 2017-08-30 14:07:42,519(1539) --&gt; [main] org.springframework.core.env.MutablePropertySources.addLast(MutablePropertySources.java:109): Adding [systemProperties] PropertySource with lowest search precedence  
[DEBUG] 2017-08-30 14:07:42,520(1540) --&gt; [main] org.springframework.core.env.MutablePropertySources.addLast(MutablePropertySources.java:109): Adding [systemEnvironment] PropertySource with lowest search precedence  
[DEBUG] 2017-08-30 14:07:42,522(1542) --&gt; [main] org.springframework.core.env.AbstractEnvironment.&lt;init&gt;(AbstractEnvironment.java:126): Initialized StandardEnvironment with PropertySources [systemProperties,systemEnvironment]  
[...]
[DEBUG] 2017-08-30 14:07:46,418(5438) --&gt; [main] org.mybatis.spring.SqlSessionUtils.getSqlSession(SqlSessionUtils.java:99): Creating a new SqlSession  
[DEBUG] 2017-08-30 14:07:46,443(5463) --&gt; [main] org.mybatis.spring.SqlSessionUtils.registerSessionHolder(SqlSessionUtils.java:150): SqlSession [org.apache.ibatis.session.defaults.DefaultSqlSession@1e34c607] was not registered for synchronization because synchronization is not active  
[DEBUG] 2017-08-30 14:07:46,492(5512) --&gt; [main] org.springframework.jdbc.datasource.DataSourceUtils.doGetConnection(DataSourceUtils.java:110): Fetching JDBC Connection from DataSource  
[DEBUG] 2017-08-30 14:07:46,500(5520) --&gt; [main] org.mybatis.spring.transaction.SpringManagedTransaction.openConnection(SpringManagedTransaction.java:87): JDBC Connection [com.alibaba.druid.proxy.jdbc.ConnectionProxyImpl@3e1162e7] will not be managed by Spring  
[DEBUG] 2017-08-30 14:07:46,505(5525) --&gt; [main] org.apache.ibatis.logging.jdbc.BaseJdbcLogger.debug(BaseJdbcLogger.java:145): ==&gt;  Preparing: insert into cp_user ( NAME, MAIL, PID ) values ( &apos;text1&apos;, &apos;70&apos;, ? )   
[DEBUG] 2017-08-30 14:07:46,552(5572) --&gt; [main] org.apache.ibatis.logging.jdbc.BaseJdbcLogger.debug(BaseJdbcLogger.java:145): ==&gt; Parameters: 1(Long)  
[DEBUG] 2017-08-30 14:07:46,569(5589) --&gt; [main] org.mybatis.spring.SqlSessionUtils.closeSqlSession(SqlSessionUtils.java:193): Closing non transactional SqlSession [org.apache.ibatis.session.defaults.DefaultSqlSession@1e34c607]  
[DEBUG] 2017-08-30 14:07:46,570(5590) --&gt; [main] org.springframework.jdbc.datasource.DataSourceUtils.doReleaseConnection(DataSourceUtils.java:327): Returning JDBC Connection to DataSource  
[DEBUG] 2017-08-30 14:07:46,578(5598) --&gt; [main] org.springframework.core.env.MutablePropertySources.addLast(MutablePropertySources.java:109): Adding [systemProperties] PropertySource with lowest search precedence  
[DEBUG] 2017-08-30 14:07:46,580(5600) --&gt; [main] org.springframework.core.env.MutablePropertySources.addLast(MutablePropertySources.java:109): Adding [systemEnvironment] PropertySource with lowest search precedence  
[DEBUG] 2017-08-30 14:07:46,581(5601) --&gt; [main] org.springframework.core.env.AbstractEnvironment.&lt;init&gt;(AbstractEnvironment.java:126): Initialized StandardEnvironment with PropertySources [systemProperties,systemEnvironment]  
[INFO ] 2017-08-30 14:07:46,581(5601) --&gt; [main] org.springframework.beans.factory.xml.XmlBeanDefinitionReader.loadBeanDefinitions(XmlBeanDefinitionReader.java:317): Loading XML bean definitions from class path resource [org/springframework/jdbc/support/sql-error-codes.xml]  
[DEBUG] 2017-08-30 14:07:46,582(5602) --&gt; [main] org.springframework.beans.factory.xml.DefaultDocumentLoader.loadDocument(DefaultDocumentLoader.java:73): Using JAXP provider [com.sun.org.apache.xerces.internal.jaxp.DocumentBuilderFactoryImpl]  
[DEBUG] 2017-08-30 14:07:46,584(5604) --&gt; [main] org.springframework.beans.factory.xml.BeansDtdResolver.resolveEntity(BeansDtdResolver.java:74): Found beans DTD [http://www.springframework.org/dtd/spring-beans-2.0.dtd] in classpath: spring-beans-2.0.dtd  
[DEBUG] 2017-08-30 14:07:46,606(5626) --&gt; [main] org.springframework.beans.factory.xml.DefaultBeanDefinitionDocumentReader.registerBeanDefinitions(DefaultBeanDefinitionDocumentReader.java:92): Loading bean definitions  
[DEBUG] 2017-08-30 14:07:46,631(5651) --&gt; [main] org.springframework.beans.factory.support.DefaultSingletonBeanRegistry.getSingleton(DefaultSingletonBeanRegistry.java:221): Creating shared instance of singleton bean &apos;DB2&apos;  
[DEBUG] 2017-08-30 14:07:46,631(5651) --&gt; [main] org.springframework.beans.factory.support.AbstractAutowireCapableBeanFactory.createBean(AbstractAutowireCapableBeanFactory.java:448): Creating instance of bean &apos;DB2&apos;  
[DEBUG] 2017-08-30 14:07:46,632(5652) --&gt; [main] org.springframework.beans.factory.support.AbstractAutowireCapableBeanFactory.doCreateBean(AbstractAutowireCapableBeanFactory.java:529): Eagerly caching bean &apos;DB2&apos; to allow for resolving potential circular references  
[DEBUG] 2017-08-30 14:07:46,644(5664) --&gt; [main] org.springframework.beans.factory.support.AbstractAutowireCapableBeanFactory.createBean(AbstractAutowireCapableBeanFactory.java:484): Finished creating instance of bean &apos;DB2&apos;  
[DEBUG] 2017-08-30 14:07:46,644(5664) --&gt; [main] org.springframework.beans.factory.support.DefaultSingletonBeanRegistry.getSingleton(DefaultSingletonBeanRegistry.java:221): Creating shared instance of singleton bean &apos;Derby&apos;  
[DEBUG] 2017-08-30 14:07:46,644(5664) --&gt; [main] org.springframework.beans.factory.support.AbstractAutowireCapableBeanFactory.createBean(AbstractAutowireCapableBeanFactory.java:448): Creating instance of bean &apos;Derby&apos;  
[DEBUG] 2017-08-30 14:07:46,645(5665) --&gt; [main] org.springframework.beans.factory.support.AbstractAutowireCapableBeanFactory.doCreateBean(AbstractAutowireCapableBeanFactory.java:529): Eagerly caching bean &apos;Derby&apos; to allow for resolving potential circular references  
[DEBUG] 2017-08-30 14:07:46,649(5669) --&gt; [main] org.springframework.beans.factory.support.AbstractAutowireCapableBeanFactory.createBean(AbstractAutowireCapableBeanFactory.java:484): Finished creating instance of bean &apos;Derby&apos;  
[DEBUG] 2017-08-30 14:07:46,649(5669) --&gt; [main] org.springframework.beans.factory.support.DefaultSingletonBeanRegistry.getSingleton(DefaultSingletonBeanRegistry.java:221): Creating shared instance of singleton bean &apos;H2&apos;  
[DEBUG] 2017-08-30 14:07:46,650(5670) --&gt; [main] org.springframework.beans.factory.support.AbstractAutowireCapableBeanFactory.createBean(AbstractAutowireCapableBeanFactory.java:448): Creating instance of bean &apos;H2&apos;  
[DEBUG] 2017-08-30 14:07:46,652(5672) --&gt; [main] org.springframework.beans.factory.support.AbstractAutowireCapableBeanFactory.doCreateBean(AbstractAutowireCapableBeanFactory.java:529): Eagerly caching bean &apos;H2&apos; to allow for resolving potential circular references  
[DEBUG] 2017-08-30 14:07:46,653(5673) --&gt; [main] org.springframework.beans.factory.support.AbstractAutowireCapableBeanFactory.createBean(AbstractAutowireCapableBeanFactory.java:484): Finished creating instance of bean &apos;H2&apos;  
[DEBUG] 2017-08-30 14:07:46,654(5674) --&gt; [main] org.springframework.beans.factory.support.DefaultSingletonBeanRegistry.getSingleton(DefaultSingletonBeanRegistry.java:221): Creating shared instance of singleton bean &apos;HSQL&apos;  
[DEBUG] 2017-08-30 14:07:46,654(5674) --&gt; [main] org.springframework.beans.factory.support.AbstractAutowireCapableBeanFactory.createBean(AbstractAutowireCapableBeanFactory.java:448): Creating instance of bean &apos;HSQL&apos;  
[DEBUG] 2017-08-30 14:07:46,656(5676) --&gt; [main] org.springframework.beans.factory.support.AbstractAutowireCapableBeanFactory.doCreateBean(AbstractAutowireCapableBeanFactory.java:529): Eagerly caching bean &apos;HSQL&apos; to allow for resolving potential circular references  
[DEBUG] 2017-08-30 14:07:46,656(5676) --&gt; [main] org.springframework.beans.factory.support.AbstractAutowireCapableBeanFactory.createBean(AbstractAutowireCapableBeanFactory.java:484): Finished creating instance of bean &apos;HSQL&apos;  
[DEBUG] 2017-08-30 14:07:46,657(5677) --&gt; [main] org.springframework.beans.factory.support.DefaultSingletonBeanRegistry.getSingleton(DefaultSingletonBeanRegistry.java:221): Creating shared instance of singleton bean &apos;Informix&apos;  
[DEBUG] 2017-08-30 14:07:46,658(5678) --&gt; [main] org.springframework.beans.factory.support.AbstractAutowireCapableBeanFactory.createBean(AbstractAutowireCapableBeanFactory.java:448): Creating instance of bean &apos;Informix&apos;  
[DEBUG] 2017-08-30 14:07:46,658(5678) --&gt; [main] org.springframework.beans.factory.support.AbstractAutowireCapableBeanFactory.doCreateBean(AbstractAutowireCapableBeanFactory.java:529): Eagerly caching bean &apos;Informix&apos; to allow for resolving potential circular references  
[DEBUG] 2017-08-30 14:07:46,659(5679) --&gt; [main] org.springframework.beans.factory.support.AbstractAutowireCapableBeanFactory.createBean(AbstractAutowireCapableBeanFactory.java:484): Finished creating instance of bean &apos;Informix&apos;  
[DEBUG] 2017-08-30 14:07:46,660(5680) --&gt; [main] org.springframework.beans.factory.support.DefaultSingletonBeanRegistry.getSingleton(DefaultSingletonBeanRegistry.java:221): Creating shared instance of singleton bean &apos;MS-SQL&apos;  
[DEBUG] 2017-08-30 14:07:46,660(5680) --&gt; [main] org.springframework.beans.factory.support.AbstractAutowireCapableBeanFactory.createBean(AbstractAutowireCapableBeanFactory.java:448): Creating instance of bean &apos;MS-SQL&apos;  
[DEBUG] 2017-08-30 14:07:46,660(5680) --&gt; [main] org.springframework.beans.factory.support.AbstractAutowireCapableBeanFactory.doCreateBean(AbstractAutowireCapableBeanFactory.java:529): Eagerly caching bean &apos;MS-SQL&apos; to allow for resolving potential circular references  
[DEBUG] 2017-08-30 14:07:46,661(5681) --&gt; [main] org.springframework.beans.factory.support.AbstractAutowireCapableBeanFactory.createBean(AbstractAutowireCapableBeanFactory.java:484): Finished creating instance of bean &apos;MS-SQL&apos;  
[DEBUG] 2017-08-30 14:07:46,661(5681) --&gt; [main] org.springframework.beans.factory.support.DefaultSingletonBeanRegistry.getSingleton(DefaultSingletonBeanRegistry.java:221): Creating shared instance of singleton bean &apos;MySQL&apos;  
[DEBUG] 2017-08-30 14:07:46,661(5681) --&gt; [main] org.springframework.beans.factory.support.AbstractAutowireCapableBeanFactory.createBean(AbstractAutowireCapableBeanFactory.java:448): Creating instance of bean &apos;MySQL&apos;  
[DEBUG] 2017-08-30 14:07:46,661(5681) --&gt; [main] org.springframework.beans.factory.support.AbstractAutowireCapableBeanFactory.doCreateBean(AbstractAutowireCapableBeanFactory.java:529): Eagerly caching bean &apos;MySQL&apos; to allow for resolving potential circular references  
[DEBUG] 2017-08-30 14:07:46,665(5685) --&gt; [main] org.springframework.beans.factory.support.AbstractAutowireCapableBeanFactory.createBean(AbstractAutowireCapableBeanFactory.java:484): Finished creating instance of bean &apos;MySQL&apos;  
[DEBUG] 2017-08-30 14:07:46,665(5685) --&gt; [main] org.springframework.beans.factory.support.DefaultSingletonBeanRegistry.getSingleton(DefaultSingletonBeanRegistry.java:221): Creating shared instance of singleton bean &apos;Oracle&apos;  
[DEBUG] 2017-08-30 14:07:46,665(5685) --&gt; [main] org.springframework.beans.factory.support.AbstractAutowireCapableBeanFactory.createBean(AbstractAutowireCapableBeanFactory.java:448): Creating instance of bean &apos;Oracle&apos;  
[DEBUG] 2017-08-30 14:07:46,666(5686) --&gt; [main] org.springframework.beans.factory.support.AbstractAutowireCapableBeanFactory.doCreateBean(AbstractAutowireCapableBeanFactory.java:529): Eagerly caching bean &apos;Oracle&apos; to allow for resolving potential circular references  
[DEBUG] 2017-08-30 14:07:46,666(5686) --&gt; [main] org.springframework.beans.factory.support.AbstractAutowireCapableBeanFactory.createBean(AbstractAutowireCapableBeanFactory.java:484): Finished creating instance of bean &apos;Oracle&apos;  
[DEBUG] 2017-08-30 14:07:46,666(5686) --&gt; [main] org.springframework.beans.factory.support.DefaultSingletonBeanRegistry.getSingleton(DefaultSingletonBeanRegistry.java:221): Creating shared instance of singleton bean &apos;PostgreSQL&apos;  
[DEBUG] 2017-08-30 14:07:46,666(5686) --&gt; [main] org.springframework.beans.factory.support.AbstractAutowireCapableBeanFactory.createBean(AbstractAutowireCapableBeanFactory.java:448): Creating instance of bean &apos;PostgreSQL&apos;  
[DEBUG] 2017-08-30 14:07:46,666(5686) --&gt; [main] org.springframework.beans.factory.support.AbstractAutowireCapableBeanFactory.doCreateBean(AbstractAutowireCapableBeanFactory.java:529): Eagerly caching bean &apos;PostgreSQL&apos; to allow for resolving potential circular references  
[DEBUG] 2017-08-30 14:07:46,670(5690) --&gt; [main] org.springframework.beans.factory.support.AbstractAutowireCapableBeanFactory.createBean(AbstractAutowireCapableBeanFactory.java:484): Finished creating instance of bean &apos;PostgreSQL&apos;  
[DEBUG] 2017-08-30 14:07:46,672(5692) --&gt; [main] org.springframework.beans.factory.support.DefaultSingletonBeanRegistry.getSingleton(DefaultSingletonBeanRegistry.java:221): Creating shared instance of singleton bean &apos;Sybase&apos;  
[DEBUG] 2017-08-30 14:07:46,672(5692) --&gt; [main] org.springframework.beans.factory.support.AbstractAutowireCapableBeanFactory.createBean(AbstractAutowireCapableBeanFactory.java:448): Creating instance of bean &apos;Sybase&apos;  
[DEBUG] 2017-08-30 14:07:46,672(5692) --&gt; [main] org.springframework.beans.factory.support.AbstractAutowireCapableBeanFactory.doCreateBean(AbstractAutowireCapableBeanFactory.java:529): Eagerly caching bean &apos;Sybase&apos; to allow for resolving potential circular references  
[DEBUG] 2017-08-30 14:07:46,673(5693) --&gt; [main] org.springframework.beans.factory.support.AbstractAutowireCapableBeanFactory.createBean(AbstractAutowireCapableBeanFactory.java:484): Finished creating instance of bean &apos;Sybase&apos;  
[DEBUG] 2017-08-30 14:07:46,674(5694) --&gt; [main] org.springframework.beans.factory.support.DefaultSingletonBeanRegistry.getSingleton(DefaultSingletonBeanRegistry.java:221): Creating shared instance of singleton bean &apos;Hana&apos;  
[DEBUG] 2017-08-30 14:07:46,674(5694) --&gt; [main] org.springframework.beans.factory.support.AbstractAutowireCapableBeanFactory.createBean(AbstractAutowireCapableBeanFactory.java:448): Creating instance of bean &apos;Hana&apos;  
[DEBUG] 2017-08-30 14:07:46,674(5694) --&gt; [main] org.springframework.beans.factory.support.AbstractAutowireCapableBeanFactory.doCreateBean(AbstractAutowireCapableBeanFactory.java:529): Eagerly caching bean &apos;Hana&apos; to allow for resolving potential circular references  
[DEBUG] 2017-08-30 14:07:46,677(5697) --&gt; [main] org.springframework.beans.factory.support.AbstractAutowireCapableBeanFactory.createBean(AbstractAutowireCapableBeanFactory.java:484): Finished creating instance of bean &apos;Hana&apos;  
[INFO ] 2017-08-30 14:07:46,680(5700) --&gt; [main] org.springframework.jdbc.support.SQLErrorCodesFactory.&lt;init&gt;(SQLErrorCodesFactory.java:126): SQLErrorCodes loaded: [DB2, Derby, H2, HSQL, Informix, MS-SQL, MySQL, Oracle, PostgreSQL, Sybase, Hana]  
[DEBUG] 2017-08-30 14:07:46,681(5701) --&gt; [main] org.springframework.jdbc.support.SQLErrorCodesFactory.getErrorCodes(SQLErrorCodesFactory.java:199): Looking up default SQLErrorCodes for DataSource [com.flat.srm.common.datasource.DynamicDataSource@6759f091]  
[DEBUG] 2017-08-30 14:07:46,684(5704) --&gt; [main] org.springframework.jdbc.datasource.DataSourceUtils.doGetConnection(DataSourceUtils.java:110): Fetching JDBC Connection from DataSource  
[DEBUG] 2017-08-30 14:07:46,685(5705) --&gt; [main] org.springframework.jdbc.datasource.DataSourceUtils.doReleaseConnection(DataSourceUtils.java:327): Returning JDBC Connection to DataSource  
[DEBUG] 2017-08-30 14:07:46,685(5705) --&gt; [main] org.springframework.jdbc.support.SQLErrorCodesFactory.getErrorCodes(SQLErrorCodesFactory.java:217): Database product name cached for DataSource [com.flat.srm.common.datasource.DynamicDataSource@6759f091]: name is &apos;MySQL&apos;  
[DEBUG] 2017-08-30 14:07:46,688(5708) --&gt; [main] org.springframework.jdbc.support.SQLErrorCodesFactory.getErrorCodes(SQLErrorCodesFactory.java:175): SQL error codes for &apos;MySQL&apos; found  
[DEBUG] 2017-08-30 14:07:46,689(5709) --&gt; [main] org.springframework.jdbc.support.SQLErrorCodeSQLExceptionTranslator.logTranslation(SQLErrorCodeSQLExceptionTranslator.java:397): Translating SQLException with SQL state &apos;23000&apos;, error code &apos;1062&apos;, message [Duplicate entry &apos;70&apos; for key &apos;cp_user_mail_index&apos;]; SQL was [] for task [
### Error updating database.  Cause: com.mysql.jdbc.exceptions.jdbc4.MySQLIntegrityConstraintViolationException: Duplicate entry &apos;70&apos; for key &apos;cp_user_mail_index&apos;
### The error may involve com.flat.srm.system.dao.user.IUserMapper.save-Inline
### The error occurred while setting parameters
### SQL: insert into     cp_user      ( NAME,                MAIL,                PID )      values     ( &apos;text1&apos;,                &apos;70&apos;,                ? )
### Cause: com.mysql.jdbc.exceptions.jdbc4.MySQLIntegrityConstraintViolationException: Duplicate entry &apos;70&apos; for key &apos;cp_user_mail_index&apos;
]  
[DEBUG] 2017-08-30 14:07:46,690(5710) --&gt; [main] org.springframework.test.context.support.AbstractDirtiesContextTestExecutionListener.beforeOrAfterTestMethod(AbstractDirtiesContextTestExecutionListener.java:106): After test method: context [DefaultTestContext@148080bb testClass = UserTest, testInstance = com.flat.srm.system.UserTest@66480dd7, testMethod = saveUser@UserTest, testException = org.springframework.dao.DuplicateKeyException: 
### Error updating database.  Cause: com.mysql.jdbc.exceptions.jdbc4.MySQLIntegrityConstraintViolationException: Duplicate entry &apos;70&apos; for key &apos;cp_user_mail_index&apos;
### The error may involve com.flat.srm.system.dao.user.IUserMapper.save-Inline
### The error occurred while setting parameters
### SQL: insert into     cp_user      ( NAME,                MAIL,                PID )      values     ( &apos;text1&apos;,                &apos;70&apos;,                ? )
### Cause: com.mysql.jdbc.exceptions.jdbc4.MySQLIntegrityConstraintViolationException: Duplicate entry &apos;70&apos; for key &apos;cp_user_mail_index&apos;
; SQL []; Duplicate entry &apos;70&apos; for key &apos;cp_user_mail_index&apos;; nested exception is com.mysql.jdbc.exceptions.jdbc4.MySQLIntegrityConstraintViolationException: Duplicate entry &apos;70&apos; for key &apos;cp_user_mail_index&apos;, mergedContextConfiguration = [MergedContextConfiguration@dc24521 testClass = UserTest, locations = &apos;{classpath:spring/applicationContext.xml, classpath:spring/applicationContext-shiro.xml}&apos;, classes = &apos;{}&apos;, contextInitializerClasses = &apos;[]&apos;, activeProfiles = &apos;{}&apos;, propertySourceLocations = &apos;{}&apos;, propertySourceProperties = &apos;{}&apos;, contextLoader = &apos;org.springframework.test.context.support.DelegatingSmartContextLoader&apos;, parent = [null]]], class annotated with @DirtiesContext [false] with mode [null], method annotated with @DirtiesContext [false] with mode [null].  
</system-err>
  </testcase>
  <testcase classname="com.flat.srm.system.UserTest" name="findUser" time="0.029"/>
  <testcase classname="com.flat.srm.system.UserTest" name="userRole" time="0.012"/>
  <testcase classname="com.flat.srm.system.UserTest" name="findUsersTest" time="0.015"/>
</testsuite>